2024-09-12 19:22:41 INFO  c.b.furniture.FurnitureApplication - Starting FurnitureApplication using Java 17.0.11 with PID 240303 (/home/binh/code/graduation_essay/furniture/build/classes/java/main started by binh in /home/binh/code/graduation_essay/furniture)
2024-09-12 19:22:41 INFO  c.b.furniture.FurnitureApplication - The following 1 profile is active: "dev"
2024-09-12 19:22:41 INFO  o.s.b.d.e.DevToolsPropertyDefaultsPostProcessor - Devtools property defaults active! Set 'spring.devtools.add-properties' to 'false' to disable
2024-09-12 19:22:41 INFO  o.s.b.d.e.DevToolsPropertyDefaultsPostProcessor - For additional web related logging consider setting the 'logging.level.web' property to 'DEBUG'
2024-09-12 19:22:42 INFO  o.s.d.r.c.RepositoryConfigurationDelegate - Bootstrapping Spring Data JPA repositories in DEFAULT mode.
2024-09-12 19:22:42 INFO  o.s.d.r.c.RepositoryConfigurationDelegate - Finished Spring Data repository scanning in 71 ms. Found 8 JPA repository interfaces.
2024-09-12 19:22:42 INFO  o.s.b.w.e.tomcat.TomcatWebServer - Tomcat initialized with port 8080 (http)
2024-09-12 19:22:42 INFO  o.a.coyote.http11.Http11NioProtocol - Initializing ProtocolHandler ["http-nio-8080"]
2024-09-12 19:22:42 INFO  o.a.catalina.core.StandardService - Starting service [Tomcat]
2024-09-12 19:22:42 INFO  o.a.catalina.core.StandardEngine - Starting Servlet engine: [Apache Tomcat/10.1.26]
2024-09-12 19:22:43 INFO  o.a.c.c.C.[Tomcat].[localhost].[/] - Initializing Spring embedded WebApplicationContext
2024-09-12 19:22:43 INFO  o.s.b.w.s.c.ServletWebServerApplicationContext - Root WebApplicationContext: initialization completed in 1340 ms
2024-09-12 19:22:43 INFO  o.h.jpa.internal.util.LogHelper - HHH000204: Processing PersistenceUnitInfo [name: default]
2024-09-12 19:22:43 INFO  org.hibernate.Version - HHH000412: Hibernate ORM core version 6.5.2.Final
2024-09-12 19:22:43 INFO  o.h.c.i.RegionFactoryInitiator - HHH000026: Second-level cache disabled
2024-09-12 19:22:43 INFO  o.s.o.j.p.SpringPersistenceUnitInfo - No LoadTimeWeaver setup: ignoring JPA class transformer
2024-09-12 19:22:43 INFO  com.zaxxer.hikari.HikariDataSource - HikariPool-1 - Starting...
2024-09-12 19:22:43 INFO  com.zaxxer.hikari.pool.HikariPool - HikariPool-1 - Added connection com.mysql.cj.jdbc.ConnectionImpl@53d9c368
2024-09-12 19:22:43 INFO  com.zaxxer.hikari.HikariDataSource - HikariPool-1 - Start completed.
2024-09-12 19:22:43 WARN  org.hibernate.orm.deprecation - HHH90000025: MySQLDialect does not need to be specified explicitly using 'hibernate.dialect' (remove the property setting and it will be selected by default)
2024-09-12 19:22:44 INFO  o.h.e.t.j.p.i.JtaPlatformInitiator - HHH000489: No JTA platform available (set 'hibernate.transaction.jta.platform' to enable JTA platform integration)
2024-09-12 19:22:44 INFO  o.s.o.j.LocalContainerEntityManagerFactoryBean - Initialized JPA EntityManagerFactory for persistence unit 'default'
2024-09-12 19:22:45 INFO  o.s.s.c.a.a.c.InitializeAuthenticationProviderBeanManagerConfigurer$InitializeAuthenticationProviderManagerConfigurer - Global AuthenticationManager configured with AuthenticationProvider bean with name authenticationProvider
2024-09-12 19:22:45 WARN  o.s.s.c.a.a.c.InitializeUserDetailsBeanManagerConfigurer$InitializeUserDetailsManagerConfigurer - Global AuthenticationManager configured with an AuthenticationProvider bean. UserDetailsService beans will not be used for username/password login. Consider removing the AuthenticationProvider bean. Alternatively, consider using the UserDetailsService in a manually instantiated DaoAuthenticationProvider.
2024-09-12 19:22:45 INFO  o.s.d.j.r.query.QueryEnhancerFactory - Hibernate is in classpath; If applicable, HQL parser will be used.
2024-09-12 19:22:45 WARN  o.s.b.a.o.j.JpaBaseConfiguration$JpaWebConfiguration - spring.jpa.open-in-view is enabled by default. Therefore, database queries may be performed during view rendering. Explicitly configure spring.jpa.open-in-view to disable this warning
2024-09-12 19:22:45 INFO  o.s.b.d.a.OptionalLiveReloadServer - LiveReload server is running on port 35729
2024-09-12 19:22:46 INFO  o.a.coyote.http11.Http11NioProtocol - Starting ProtocolHandler ["http-nio-8080"]
2024-09-12 19:22:46 INFO  o.s.b.w.e.tomcat.TomcatWebServer - Tomcat started on port 8080 (http) with context path '/'
2024-09-12 19:22:46 INFO  c.b.furniture.FurnitureApplication - Started FurnitureApplication in 4.824 seconds (process running for 5.5)
2024-09-12 19:25:04 INFO  o.a.c.c.C.[Tomcat].[localhost].[/] - Initializing Spring DispatcherServlet 'dispatcherServlet'
2024-09-12 19:25:04 INFO  o.s.web.servlet.DispatcherServlet - Initializing Servlet 'dispatcherServlet'
2024-09-12 19:25:04 INFO  o.s.web.servlet.DispatcherServlet - Completed initialization in 2 ms
2024-09-12 19:25:04 INFO  c.b.furniture.jwt.JwtRequestFilter - Processing request to '/api/user/register'
2024-09-12 19:25:04 INFO  c.b.furniture.jwt.JwtRequestFilter - Getting JWT Token from request
2024-09-12 19:25:04 WARN  c.b.furniture.jwt.JwtRequestFilter - JWT Token does not begin with Bearer String
2024-09-12 19:25:05 WARN  o.s.w.s.m.m.a.ExceptionHandlerExceptionResolver - Resolved [org.springframework.web.HttpRequestMethodNotSupportedException: Request method 'GET' is not supported]
2024-09-12 19:26:32 INFO  c.b.furniture.jwt.JwtRequestFilter - Processing request to '/api/user/register'
2024-09-12 19:26:32 INFO  c.b.furniture.jwt.JwtRequestFilter - Getting JWT Token from request
2024-09-12 19:26:32 WARN  c.b.furniture.jwt.JwtRequestFilter - JWT Token does not begin with Bearer String
2024-09-12 19:26:32 INFO  c.b.f.controller.user.UserController - Request to register user with username: Binnguci
2024-09-12 19:26:32 INFO  c.b.f.service.user.UserServiceImpl - Request to register user with username: Binnguci
2024-09-12 19:26:32 INFO  c.b.f.service.user.UserServiceImpl - Request to validate register request
2024-09-12 19:26:32 INFO  c.b.f.service.user.UserServiceImpl - Request to encode password
2024-09-12 19:26:32 INFO  c.b.f.service.user.UserServiceImpl - Request to create user entity
2024-09-12 19:26:32 INFO  c.b.f.service.user.UserServiceImpl - Assigning default role to user
2024-09-12 19:26:32 INFO  c.b.f.service.email.EmailServiceImpl - Sending OTP email to thanhbinh2757@gmail.com
2024-09-12 19:26:32 INFO  c.b.f.service.email.EmailServiceImpl - Preparing to send email to thanhbinh2757@gmail.com
2024-09-12 19:26:32 INFO  c.b.f.service.user.UserServiceImpl - Request to save user
2024-09-12 19:26:32 INFO  c.b.f.service.email.EmailServiceImpl - Submitting email task to executor
2024-09-12 19:26:32 INFO  c.b.f.service.email.EmailServiceImpl - Creating MimeMessage for email to thanhbinh2757@gmail.com
2024-09-12 19:26:32 ERROR c.b.f.service.email.EmailServiceImpl - Failed to send email to thanhbinh2757@gmail.com
jakarta.mail.internet.AddressException: Illegal address
	at jakarta.mail.internet.InternetAddress.<init>(InternetAddress.java:103)
	at com.binnguci.furniture.service.email.EmailServiceImpl.createMimeMessage(EmailServiceImpl.java:87)
	at com.binnguci.furniture.service.email.EmailServiceImpl.lambda$sendMail$0(EmailServiceImpl.java:70)
	at java.base/java.util.concurrent.Executors$RunnableAdapter.call(Executors.java:539)
	at java.base/java.util.concurrent.FutureTask.run(FutureTask.java:264)
	at java.base/java.util.concurrent.ThreadPoolExecutor.runWorker(ThreadPoolExecutor.java:1136)
	at java.base/java.util.concurrent.ThreadPoolExecutor$Worker.run(ThreadPoolExecutor.java:635)
	at java.base/java.lang.Thread.run(Thread.java:840)
2024-09-12 19:26:32 INFO  c.b.f.service.user.UserServiceImpl - Request to find user by username: Binnguci
2024-09-12 19:26:32 INFO  c.b.f.service.user.UserServiceImpl - Successfully found user by id: Binnguci
2024-09-12 19:26:32 INFO  c.b.f.service.user.UserServiceImpl - Successfully registered user with username: Binnguci
2024-09-12 19:27:28 INFO  o.s.b.d.a.LocalDevToolsAutoConfiguration$RestartingClassPathChangeChangedEventListener - Restarting due to 1 class path change (0 additions, 0 deletions, 1 modification)
2024-09-12 19:27:28 INFO  o.a.coyote.http11.Http11NioProtocol - Stopping ProtocolHandler ["http-nio-8080"]
2024-09-12 19:27:28 INFO  o.s.o.j.LocalContainerEntityManagerFactoryBean - Closing JPA EntityManagerFactory for persistence unit 'default'
2024-09-12 19:27:28 INFO  com.zaxxer.hikari.HikariDataSource - HikariPool-1 - Shutdown initiated...
2024-09-12 19:27:28 INFO  com.zaxxer.hikari.HikariDataSource - HikariPool-1 - Shutdown completed.
2024-09-12 19:27:28 INFO  c.b.furniture.FurnitureApplication - Starting FurnitureApplication using Java 17.0.11 with PID 240303 (/home/binh/code/graduation_essay/furniture/build/classes/java/main started by binh in /home/binh/code/graduation_essay/furniture)
2024-09-12 19:27:28 INFO  c.b.furniture.FurnitureApplication - The following 1 profile is active: "dev"
2024-09-12 19:27:28 INFO  o.s.d.r.c.RepositoryConfigurationDelegate - Bootstrapping Spring Data JPA repositories in DEFAULT mode.
2024-09-12 19:27:28 INFO  o.s.d.r.c.RepositoryConfigurationDelegate - Finished Spring Data repository scanning in 19 ms. Found 8 JPA repository interfaces.
2024-09-12 19:27:29 INFO  o.s.b.w.e.tomcat.TomcatWebServer - Tomcat initialized with port 8080 (http)
2024-09-12 19:27:29 INFO  o.a.coyote.http11.Http11NioProtocol - Initializing ProtocolHandler ["http-nio-8080"]
2024-09-12 19:27:29 INFO  o.a.catalina.core.StandardService - Starting service [Tomcat]
2024-09-12 19:27:29 INFO  o.a.catalina.core.StandardEngine - Starting Servlet engine: [Apache Tomcat/10.1.26]
2024-09-12 19:27:29 INFO  o.a.c.c.C.[Tomcat].[localhost].[/] - Initializing Spring embedded WebApplicationContext
2024-09-12 19:27:29 INFO  o.s.b.w.s.c.ServletWebServerApplicationContext - Root WebApplicationContext: initialization completed in 229 ms
2024-09-12 19:27:29 INFO  o.h.jpa.internal.util.LogHelper - HHH000204: Processing PersistenceUnitInfo [name: default]
2024-09-12 19:27:29 INFO  o.h.c.i.RegionFactoryInitiator - HHH000026: Second-level cache disabled
2024-09-12 19:27:29 INFO  o.s.o.j.p.SpringPersistenceUnitInfo - No LoadTimeWeaver setup: ignoring JPA class transformer
2024-09-12 19:27:29 INFO  com.zaxxer.hikari.HikariDataSource - HikariPool-2 - Starting...
2024-09-12 19:27:29 INFO  com.zaxxer.hikari.pool.HikariPool - HikariPool-2 - Added connection com.mysql.cj.jdbc.ConnectionImpl@7e9c210e
2024-09-12 19:27:29 INFO  com.zaxxer.hikari.HikariDataSource - HikariPool-2 - Start completed.
2024-09-12 19:27:29 WARN  org.hibernate.orm.deprecation - HHH90000025: MySQLDialect does not need to be specified explicitly using 'hibernate.dialect' (remove the property setting and it will be selected by default)
2024-09-12 19:27:29 INFO  o.h.e.t.j.p.i.JtaPlatformInitiator - HHH000489: No JTA platform available (set 'hibernate.transaction.jta.platform' to enable JTA platform integration)
2024-09-12 19:27:29 INFO  o.s.o.j.LocalContainerEntityManagerFactoryBean - Initialized JPA EntityManagerFactory for persistence unit 'default'
2024-09-12 19:27:29 INFO  o.s.s.c.a.a.c.InitializeAuthenticationProviderBeanManagerConfigurer$InitializeAuthenticationProviderManagerConfigurer - Global AuthenticationManager configured with AuthenticationProvider bean with name authenticationProvider
2024-09-12 19:27:29 WARN  o.s.s.c.a.a.c.InitializeUserDetailsBeanManagerConfigurer$InitializeUserDetailsManagerConfigurer - Global AuthenticationManager configured with an AuthenticationProvider bean. UserDetailsService beans will not be used for username/password login. Consider removing the AuthenticationProvider bean. Alternatively, consider using the UserDetailsService in a manually instantiated DaoAuthenticationProvider.
2024-09-12 19:27:29 WARN  o.s.b.a.o.j.JpaBaseConfiguration$JpaWebConfiguration - spring.jpa.open-in-view is enabled by default. Therefore, database queries may be performed during view rendering. Explicitly configure spring.jpa.open-in-view to disable this warning
2024-09-12 19:27:29 INFO  o.s.b.d.a.OptionalLiveReloadServer - LiveReload server is running on port 35729
2024-09-12 19:27:29 INFO  o.a.coyote.http11.Http11NioProtocol - Starting ProtocolHandler ["http-nio-8080"]
2024-09-12 19:27:29 INFO  o.s.b.w.e.tomcat.TomcatWebServer - Tomcat started on port 8080 (http) with context path '/'
2024-09-12 19:27:29 INFO  c.b.furniture.FurnitureApplication - Started FurnitureApplication in 0.711 seconds (process running for 288.988)
2024-09-12 19:27:29 INFO  o.s.b.d.a.ConditionEvaluationDeltaLoggingListener - Condition evaluation unchanged
2024-09-12 19:27:36 INFO  o.a.c.c.C.[Tomcat].[localhost].[/] - Initializing Spring DispatcherServlet 'dispatcherServlet'
2024-09-12 19:27:36 INFO  o.s.web.servlet.DispatcherServlet - Initializing Servlet 'dispatcherServlet'
2024-09-12 19:27:36 INFO  o.s.web.servlet.DispatcherServlet - Completed initialization in 1 ms
2024-09-12 19:27:36 INFO  c.b.furniture.jwt.JwtRequestFilter - Processing request to '/api/user/register'
2024-09-12 19:27:36 INFO  c.b.furniture.jwt.JwtRequestFilter - Getting JWT Token from request
2024-09-12 19:27:36 WARN  c.b.furniture.jwt.JwtRequestFilter - JWT Token does not begin with Bearer String
2024-09-12 19:27:36 INFO  c.b.f.controller.user.UserController - Request to register user with username: Binnguci2
2024-09-12 19:27:36 INFO  c.b.f.service.user.UserServiceImpl - Request to register user with username: Binnguci2
2024-09-12 19:27:36 INFO  c.b.f.service.user.UserServiceImpl - Request to validate register request
2024-09-12 19:27:36 INFO  c.b.f.service.user.UserServiceImpl - Request to encode password
2024-09-12 19:27:36 INFO  c.b.f.service.user.UserServiceImpl - Request to create user entity
2024-09-12 19:27:36 INFO  c.b.f.service.user.UserServiceImpl - Assigning default role to user
2024-09-12 19:27:36 INFO  c.b.f.service.email.EmailServiceImpl - Sending OTP email to thanhbinh27537@gmail.com
2024-09-12 19:27:36 INFO  c.b.f.service.email.EmailServiceImpl - Preparing to send email to thanhbinh27537@gmail.com
2024-09-12 19:27:36 INFO  c.b.f.service.user.UserServiceImpl - Request to save user
2024-09-12 19:27:36 INFO  c.b.f.service.email.EmailServiceImpl - Submitting email task to executor
2024-09-12 19:27:36 INFO  c.b.f.service.email.EmailServiceImpl - Creating MimeMessage for email to thanhbinh27537@gmail.com
2024-09-12 19:27:36 ERROR c.b.f.service.email.EmailServiceImpl - Failed to send email to thanhbinh27537@gmail.com
jakarta.mail.internet.AddressException: Illegal address
	at jakarta.mail.internet.InternetAddress.<init>(InternetAddress.java:103)
	at com.binnguci.furniture.service.email.EmailServiceImpl.createMimeMessage(EmailServiceImpl.java:87)
	at com.binnguci.furniture.service.email.EmailServiceImpl.lambda$sendMail$0(EmailServiceImpl.java:70)
	at java.base/java.util.concurrent.Executors$RunnableAdapter.call(Executors.java:539)
	at java.base/java.util.concurrent.FutureTask.run(FutureTask.java:264)
	at java.base/java.util.concurrent.ThreadPoolExecutor.runWorker(ThreadPoolExecutor.java:1136)
	at java.base/java.util.concurrent.ThreadPoolExecutor$Worker.run(ThreadPoolExecutor.java:635)
	at java.base/java.lang.Thread.run(Thread.java:840)
2024-09-12 19:27:36 INFO  c.b.f.service.user.UserServiceImpl - Request to find user by username: Binnguci2
2024-09-12 19:27:36 INFO  c.b.f.service.user.UserServiceImpl - Successfully found user by id: Binnguci2
2024-09-12 19:27:36 INFO  c.b.f.service.user.UserServiceImpl - Successfully registered user with username: Binnguci2
2024-09-12 19:27:50 INFO  c.b.furniture.jwt.JwtRequestFilter - Processing request to '/api/user/register'
2024-09-12 19:27:50 INFO  c.b.furniture.jwt.JwtRequestFilter - Getting JWT Token from request
2024-09-12 19:27:50 WARN  c.b.furniture.jwt.JwtRequestFilter - JWT Token does not begin with Bearer String
2024-09-12 19:27:50 INFO  c.b.f.controller.user.UserController - Request to register user with username: 
2024-09-12 19:27:50 INFO  c.b.f.service.user.UserServiceImpl - Request to register user with username: 
2024-09-12 19:27:50 INFO  c.b.f.service.user.UserServiceImpl - Request to validate register request
2024-09-12 19:27:50 INFO  c.b.f.service.user.UserServiceImpl - Request to encode password
2024-09-12 19:27:50 INFO  c.b.f.service.user.UserServiceImpl - Request to create user entity
2024-09-12 19:27:50 INFO  c.b.f.service.user.UserServiceImpl - Assigning default role to user
2024-09-12 19:27:50 INFO  c.b.f.service.email.EmailServiceImpl - Sending OTP email to thanhbinh2537@gmail.com
2024-09-12 19:27:50 INFO  c.b.f.service.email.EmailServiceImpl - Preparing to send email to thanhbinh2537@gmail.com
2024-09-12 19:27:50 INFO  c.b.f.service.user.UserServiceImpl - Request to save user
2024-09-12 19:27:50 INFO  c.b.f.service.email.EmailServiceImpl - Submitting email task to executor
2024-09-12 19:27:50 INFO  c.b.f.service.email.EmailServiceImpl - Creating MimeMessage for email to thanhbinh2537@gmail.com
2024-09-12 19:27:50 ERROR c.b.f.service.email.EmailServiceImpl - Failed to send email to thanhbinh2537@gmail.com
jakarta.mail.internet.AddressException: Illegal address
	at jakarta.mail.internet.InternetAddress.<init>(InternetAddress.java:103)
	at com.binnguci.furniture.service.email.EmailServiceImpl.createMimeMessage(EmailServiceImpl.java:87)
	at com.binnguci.furniture.service.email.EmailServiceImpl.lambda$sendMail$0(EmailServiceImpl.java:70)
	at java.base/java.util.concurrent.Executors$RunnableAdapter.call(Executors.java:539)
	at java.base/java.util.concurrent.FutureTask.run(FutureTask.java:264)
	at java.base/java.util.concurrent.ThreadPoolExecutor.runWorker(ThreadPoolExecutor.java:1136)
	at java.base/java.util.concurrent.ThreadPoolExecutor$Worker.run(ThreadPoolExecutor.java:635)
	at java.base/java.lang.Thread.run(Thread.java:840)
2024-09-12 19:27:50 INFO  c.b.f.service.user.UserServiceImpl - Request to find user by username: 
2024-09-12 19:27:50 INFO  c.b.f.service.user.UserServiceImpl - Successfully found user by id: 
2024-09-12 19:27:50 INFO  c.b.f.service.user.UserServiceImpl - Successfully registered user with username: 
2024-09-12 19:30:17 INFO  c.b.furniture.jwt.JwtRequestFilter - Processing request to '/api/user/register'
2024-09-12 19:30:17 INFO  c.b.furniture.jwt.JwtRequestFilter - Getting JWT Token from request
2024-09-12 19:30:17 WARN  c.b.furniture.jwt.JwtRequestFilter - JWT Token does not begin with Bearer String
2024-09-12 19:30:17 INFO  c.b.f.controller.user.UserController - Request to register user with username: null
2024-09-12 19:30:17 INFO  c.b.f.service.user.UserServiceImpl - Request to register user with username: null
2024-09-12 19:30:17 INFO  c.b.f.service.user.UserServiceImpl - Request to validate register request
2024-09-12 19:30:17 INFO  c.b.f.service.user.UserServiceImpl - Request to encode password
2024-09-12 19:30:17 INFO  c.b.f.service.user.UserServiceImpl - Request to create user entity
2024-09-12 19:30:17 INFO  c.b.f.service.user.UserServiceImpl - Assigning default role to user
2024-09-12 19:30:17 INFO  c.b.f.service.email.EmailServiceImpl - Sending OTP email to thanhbih2537@gmail.com
2024-09-12 19:30:17 INFO  c.b.f.service.email.EmailServiceImpl - Preparing to send email to thanhbih2537@gmail.com
2024-09-12 19:30:17 INFO  c.b.f.service.user.UserServiceImpl - Request to save user
2024-09-12 19:30:17 INFO  c.b.f.service.email.EmailServiceImpl - Submitting email task to executor
2024-09-12 19:30:17 INFO  c.b.f.service.email.EmailServiceImpl - Creating MimeMessage for email to thanhbih2537@gmail.com
2024-09-12 19:30:17 ERROR c.b.f.service.email.EmailServiceImpl - Failed to send email to thanhbih2537@gmail.com
jakarta.mail.internet.AddressException: Illegal address
	at jakarta.mail.internet.InternetAddress.<init>(InternetAddress.java:103)
	at com.binnguci.furniture.service.email.EmailServiceImpl.createMimeMessage(EmailServiceImpl.java:87)
	at com.binnguci.furniture.service.email.EmailServiceImpl.lambda$sendMail$0(EmailServiceImpl.java:70)
	at java.base/java.util.concurrent.Executors$RunnableAdapter.call(Executors.java:539)
	at java.base/java.util.concurrent.FutureTask.run(FutureTask.java:264)
	at java.base/java.util.concurrent.ThreadPoolExecutor.runWorker(ThreadPoolExecutor.java:1136)
	at java.base/java.util.concurrent.ThreadPoolExecutor$Worker.run(ThreadPoolExecutor.java:635)
	at java.base/java.lang.Thread.run(Thread.java:840)
2024-09-12 19:30:17 INFO  c.b.f.service.user.UserServiceImpl - Request to find user by username: null
2024-09-12 19:30:17 INFO  c.b.f.service.user.UserServiceImpl - Successfully found user by id: null
2024-09-12 19:30:17 INFO  c.b.f.service.user.UserServiceImpl - Successfully registered user with username: null
2024-09-12 19:30:42 INFO  o.s.b.d.a.LocalDevToolsAutoConfiguration$RestartingClassPathChangeChangedEventListener - Restarting due to 1 class path change (0 additions, 0 deletions, 1 modification)
2024-09-12 19:30:42 INFO  o.a.coyote.http11.Http11NioProtocol - Stopping ProtocolHandler ["http-nio-8080"]
2024-09-12 19:30:42 INFO  o.s.o.j.LocalContainerEntityManagerFactoryBean - Closing JPA EntityManagerFactory for persistence unit 'default'
2024-09-12 19:30:42 INFO  com.zaxxer.hikari.HikariDataSource - HikariPool-2 - Shutdown initiated...
2024-09-12 19:30:42 INFO  com.zaxxer.hikari.HikariDataSource - HikariPool-2 - Shutdown completed.
2024-09-12 19:30:42 INFO  c.b.furniture.FurnitureApplication - Starting FurnitureApplication using Java 17.0.11 with PID 240303 (/home/binh/code/graduation_essay/furniture/build/classes/java/main started by binh in /home/binh/code/graduation_essay/furniture)
2024-09-12 19:30:42 INFO  c.b.furniture.FurnitureApplication - The following 1 profile is active: "dev"
2024-09-12 19:30:42 INFO  o.s.d.r.c.RepositoryConfigurationDelegate - Bootstrapping Spring Data JPA repositories in DEFAULT mode.
2024-09-12 19:30:43 INFO  o.s.d.r.c.RepositoryConfigurationDelegate - Finished Spring Data repository scanning in 16 ms. Found 8 JPA repository interfaces.
2024-09-12 19:30:43 INFO  o.s.b.w.e.tomcat.TomcatWebServer - Tomcat initialized with port 8080 (http)
2024-09-12 19:30:43 INFO  o.a.coyote.http11.Http11NioProtocol - Initializing ProtocolHandler ["http-nio-8080"]
2024-09-12 19:30:43 INFO  o.a.catalina.core.StandardService - Starting service [Tomcat]
2024-09-12 19:30:43 INFO  o.a.catalina.core.StandardEngine - Starting Servlet engine: [Apache Tomcat/10.1.26]
2024-09-12 19:30:43 INFO  o.a.c.c.C.[Tomcat].[localhost].[/] - Initializing Spring embedded WebApplicationContext
2024-09-12 19:30:43 INFO  o.s.b.w.s.c.ServletWebServerApplicationContext - Root WebApplicationContext: initialization completed in 208 ms
2024-09-12 19:30:43 INFO  o.h.jpa.internal.util.LogHelper - HHH000204: Processing PersistenceUnitInfo [name: default]
2024-09-12 19:30:43 INFO  o.h.c.i.RegionFactoryInitiator - HHH000026: Second-level cache disabled
2024-09-12 19:30:43 INFO  o.s.o.j.p.SpringPersistenceUnitInfo - No LoadTimeWeaver setup: ignoring JPA class transformer
2024-09-12 19:30:43 INFO  com.zaxxer.hikari.HikariDataSource - HikariPool-3 - Starting...
2024-09-12 19:30:43 INFO  com.zaxxer.hikari.pool.HikariPool - HikariPool-3 - Added connection com.mysql.cj.jdbc.ConnectionImpl@146a2c04
2024-09-12 19:30:43 INFO  com.zaxxer.hikari.HikariDataSource - HikariPool-3 - Start completed.
2024-09-12 19:30:43 WARN  org.hibernate.orm.deprecation - HHH90000025: MySQLDialect does not need to be specified explicitly using 'hibernate.dialect' (remove the property setting and it will be selected by default)
2024-09-12 19:30:43 INFO  o.h.e.t.j.p.i.JtaPlatformInitiator - HHH000489: No JTA platform available (set 'hibernate.transaction.jta.platform' to enable JTA platform integration)
2024-09-12 19:30:43 INFO  o.s.o.j.LocalContainerEntityManagerFactoryBean - Initialized JPA EntityManagerFactory for persistence unit 'default'
2024-09-12 19:30:43 INFO  o.s.s.c.a.a.c.InitializeAuthenticationProviderBeanManagerConfigurer$InitializeAuthenticationProviderManagerConfigurer - Global AuthenticationManager configured with AuthenticationProvider bean with name authenticationProvider
2024-09-12 19:30:43 WARN  o.s.s.c.a.a.c.InitializeUserDetailsBeanManagerConfigurer$InitializeUserDetailsManagerConfigurer - Global AuthenticationManager configured with an AuthenticationProvider bean. UserDetailsService beans will not be used for username/password login. Consider removing the AuthenticationProvider bean. Alternatively, consider using the UserDetailsService in a manually instantiated DaoAuthenticationProvider.
2024-09-12 19:30:43 WARN  o.s.b.a.o.j.JpaBaseConfiguration$JpaWebConfiguration - spring.jpa.open-in-view is enabled by default. Therefore, database queries may be performed during view rendering. Explicitly configure spring.jpa.open-in-view to disable this warning
2024-09-12 19:30:43 INFO  o.s.b.d.a.OptionalLiveReloadServer - LiveReload server is running on port 35729
2024-09-12 19:30:43 INFO  o.a.coyote.http11.Http11NioProtocol - Starting ProtocolHandler ["http-nio-8080"]
2024-09-12 19:30:43 INFO  o.s.b.w.e.tomcat.TomcatWebServer - Tomcat started on port 8080 (http) with context path '/'
2024-09-12 19:30:43 INFO  c.b.furniture.FurnitureApplication - Started FurnitureApplication in 0.641 seconds (process running for 482.975)
2024-09-12 19:30:43 INFO  o.s.b.d.a.ConditionEvaluationDeltaLoggingListener - Condition evaluation unchanged
2024-09-12 19:30:50 INFO  o.s.o.j.LocalContainerEntityManagerFactoryBean - Closing JPA EntityManagerFactory for persistence unit 'default'
2024-09-12 19:30:50 INFO  com.zaxxer.hikari.HikariDataSource - HikariPool-3 - Shutdown initiated...
2024-09-12 19:30:50 INFO  com.zaxxer.hikari.HikariDataSource - HikariPool-3 - Shutdown completed.
2024-09-12 19:30:52 INFO  c.b.furniture.FurnitureApplication - Starting FurnitureApplication using Java 17.0.11 with PID 246185 (/home/binh/code/graduation_essay/furniture/build/classes/java/main started by binh in /home/binh/code/graduation_essay/furniture)
2024-09-12 19:30:52 INFO  c.b.furniture.FurnitureApplication - The following 1 profile is active: "dev"
2024-09-12 19:30:52 INFO  o.s.b.d.e.DevToolsPropertyDefaultsPostProcessor - Devtools property defaults active! Set 'spring.devtools.add-properties' to 'false' to disable
2024-09-12 19:30:52 INFO  o.s.b.d.e.DevToolsPropertyDefaultsPostProcessor - For additional web related logging consider setting the 'logging.level.web' property to 'DEBUG'
2024-09-12 19:30:52 INFO  o.s.d.r.c.RepositoryConfigurationDelegate - Bootstrapping Spring Data JPA repositories in DEFAULT mode.
2024-09-12 19:30:53 INFO  o.s.d.r.c.RepositoryConfigurationDelegate - Finished Spring Data repository scanning in 54 ms. Found 8 JPA repository interfaces.
2024-09-12 19:30:53 INFO  o.s.b.w.e.tomcat.TomcatWebServer - Tomcat initialized with port 8080 (http)
2024-09-12 19:30:53 INFO  o.a.coyote.http11.Http11NioProtocol - Initializing ProtocolHandler ["http-nio-8080"]
2024-09-12 19:30:53 INFO  o.a.catalina.core.StandardService - Starting service [Tomcat]
2024-09-12 19:30:53 INFO  o.a.catalina.core.StandardEngine - Starting Servlet engine: [Apache Tomcat/10.1.26]
2024-09-12 19:30:53 INFO  o.a.c.c.C.[Tomcat].[localhost].[/] - Initializing Spring embedded WebApplicationContext
2024-09-12 19:30:53 INFO  o.s.b.w.s.c.ServletWebServerApplicationContext - Root WebApplicationContext: initialization completed in 943 ms
2024-09-12 19:30:53 INFO  o.h.jpa.internal.util.LogHelper - HHH000204: Processing PersistenceUnitInfo [name: default]
2024-09-12 19:30:53 INFO  org.hibernate.Version - HHH000412: Hibernate ORM core version 6.5.2.Final
2024-09-12 19:30:53 INFO  o.h.c.i.RegionFactoryInitiator - HHH000026: Second-level cache disabled
2024-09-12 19:30:53 INFO  o.s.o.j.p.SpringPersistenceUnitInfo - No LoadTimeWeaver setup: ignoring JPA class transformer
2024-09-12 19:30:53 INFO  com.zaxxer.hikari.HikariDataSource - HikariPool-1 - Starting...
2024-09-12 19:30:53 INFO  com.zaxxer.hikari.pool.HikariPool - HikariPool-1 - Added connection com.mysql.cj.jdbc.ConnectionImpl@376409f5
2024-09-12 19:30:53 INFO  com.zaxxer.hikari.HikariDataSource - HikariPool-1 - Start completed.
2024-09-12 19:30:53 WARN  org.hibernate.orm.deprecation - HHH90000025: MySQLDialect does not need to be specified explicitly using 'hibernate.dialect' (remove the property setting and it will be selected by default)
2024-09-12 19:30:54 INFO  o.h.e.t.j.p.i.JtaPlatformInitiator - HHH000489: No JTA platform available (set 'hibernate.transaction.jta.platform' to enable JTA platform integration)
2024-09-12 19:30:54 INFO  o.s.o.j.LocalContainerEntityManagerFactoryBean - Initialized JPA EntityManagerFactory for persistence unit 'default'
2024-09-12 19:30:55 INFO  o.s.s.c.a.a.c.InitializeAuthenticationProviderBeanManagerConfigurer$InitializeAuthenticationProviderManagerConfigurer - Global AuthenticationManager configured with AuthenticationProvider bean with name authenticationProvider
2024-09-12 19:30:55 WARN  o.s.s.c.a.a.c.InitializeUserDetailsBeanManagerConfigurer$InitializeUserDetailsManagerConfigurer - Global AuthenticationManager configured with an AuthenticationProvider bean. UserDetailsService beans will not be used for username/password login. Consider removing the AuthenticationProvider bean. Alternatively, consider using the UserDetailsService in a manually instantiated DaoAuthenticationProvider.
2024-09-12 19:30:55 INFO  o.s.d.j.r.query.QueryEnhancerFactory - Hibernate is in classpath; If applicable, HQL parser will be used.
2024-09-12 19:30:55 WARN  o.s.b.a.o.j.JpaBaseConfiguration$JpaWebConfiguration - spring.jpa.open-in-view is enabled by default. Therefore, database queries may be performed during view rendering. Explicitly configure spring.jpa.open-in-view to disable this warning
2024-09-12 19:30:55 INFO  o.s.b.d.a.OptionalLiveReloadServer - LiveReload server is running on port 35729
2024-09-12 19:30:55 INFO  o.a.coyote.http11.Http11NioProtocol - Starting ProtocolHandler ["http-nio-8080"]
2024-09-12 19:30:55 INFO  o.s.b.w.e.tomcat.TomcatWebServer - Tomcat started on port 8080 (http) with context path '/'
2024-09-12 19:30:55 INFO  c.b.furniture.FurnitureApplication - Started FurnitureApplication in 3.621 seconds (process running for 4.192)
2024-09-12 19:31:11 INFO  o.a.c.c.C.[Tomcat].[localhost].[/] - Initializing Spring DispatcherServlet 'dispatcherServlet'
2024-09-12 19:31:11 INFO  o.s.web.servlet.DispatcherServlet - Initializing Servlet 'dispatcherServlet'
2024-09-12 19:31:11 INFO  o.s.web.servlet.DispatcherServlet - Completed initialization in 1 ms
2024-09-12 19:31:11 INFO  c.b.furniture.jwt.JwtRequestFilter - Processing request to '/api/user/register'
2024-09-12 19:31:11 INFO  c.b.furniture.jwt.JwtRequestFilter - Getting JWT Token from request
2024-09-12 19:31:11 WARN  c.b.furniture.jwt.JwtRequestFilter - JWT Token does not begin with Bearer String
2024-09-12 19:31:11 INFO  c.b.f.controller.user.UserController - Request to register user with username: 
2024-09-12 19:31:11 INFO  c.b.f.service.user.UserServiceImpl - Request to register user with username: 
2024-09-12 19:31:11 INFO  c.b.f.service.user.UserServiceImpl - Request to validate register request
2024-09-12 19:31:11 WARN  c.b.f.service.user.UserServiceImpl - Username already exists
2024-09-12 19:31:11 WARN  o.s.w.s.m.m.a.ExceptionHandlerExceptionResolver - Resolved [com.binnguci.furniture.exception.AppException: Username already exists]
2024-09-12 19:31:57 INFO  o.s.b.d.a.LocalDevToolsAutoConfiguration$RestartingClassPathChangeChangedEventListener - Restarting due to 16 class path changes (0 additions, 0 deletions, 16 modifications)
2024-09-12 19:31:57 INFO  o.a.coyote.http11.Http11NioProtocol - Stopping ProtocolHandler ["http-nio-8080"]
2024-09-12 19:31:57 INFO  o.s.o.j.LocalContainerEntityManagerFactoryBean - Closing JPA EntityManagerFactory for persistence unit 'default'
2024-09-12 19:31:57 INFO  com.zaxxer.hikari.HikariDataSource - HikariPool-1 - Shutdown initiated...
2024-09-12 19:31:57 INFO  com.zaxxer.hikari.HikariDataSource - HikariPool-1 - Shutdown completed.
2024-09-12 19:31:57 INFO  c.b.furniture.FurnitureApplication - Starting FurnitureApplication using Java 17.0.11 with PID 246185 (/home/binh/code/graduation_essay/furniture/build/classes/java/main started by binh in /home/binh/code/graduation_essay/furniture)
2024-09-12 19:31:57 INFO  c.b.furniture.FurnitureApplication - The following 1 profile is active: "dev"
2024-09-12 19:31:57 INFO  o.s.d.r.c.RepositoryConfigurationDelegate - Bootstrapping Spring Data JPA repositories in DEFAULT mode.
2024-09-12 19:31:57 INFO  o.s.d.r.c.RepositoryConfigurationDelegate - Finished Spring Data repository scanning in 20 ms. Found 8 JPA repository interfaces.
2024-09-12 19:31:57 INFO  o.s.b.w.e.tomcat.TomcatWebServer - Tomcat initialized with port 8080 (http)
2024-09-12 19:31:57 INFO  o.a.coyote.http11.Http11NioProtocol - Initializing ProtocolHandler ["http-nio-8080"]
2024-09-12 19:31:57 INFO  o.a.catalina.core.StandardService - Starting service [Tomcat]
2024-09-12 19:31:57 INFO  o.a.catalina.core.StandardEngine - Starting Servlet engine: [Apache Tomcat/10.1.26]
2024-09-12 19:31:57 INFO  o.a.c.c.C.[Tomcat].[localhost].[/] - Initializing Spring embedded WebApplicationContext
2024-09-12 19:31:57 INFO  o.s.b.w.s.c.ServletWebServerApplicationContext - Root WebApplicationContext: initialization completed in 213 ms
2024-09-12 19:31:57 INFO  o.h.jpa.internal.util.LogHelper - HHH000204: Processing PersistenceUnitInfo [name: default]
2024-09-12 19:31:57 INFO  o.h.c.i.RegionFactoryInitiator - HHH000026: Second-level cache disabled
2024-09-12 19:31:57 INFO  o.s.o.j.p.SpringPersistenceUnitInfo - No LoadTimeWeaver setup: ignoring JPA class transformer
2024-09-12 19:31:57 INFO  com.zaxxer.hikari.HikariDataSource - HikariPool-2 - Starting...
2024-09-12 19:31:57 INFO  com.zaxxer.hikari.pool.HikariPool - HikariPool-2 - Added connection com.mysql.cj.jdbc.ConnectionImpl@1404c794
2024-09-12 19:31:57 INFO  com.zaxxer.hikari.HikariDataSource - HikariPool-2 - Start completed.
2024-09-12 19:31:57 WARN  org.hibernate.orm.deprecation - HHH90000025: MySQLDialect does not need to be specified explicitly using 'hibernate.dialect' (remove the property setting and it will be selected by default)
2024-09-12 19:31:57 INFO  o.h.e.t.j.p.i.JtaPlatformInitiator - HHH000489: No JTA platform available (set 'hibernate.transaction.jta.platform' to enable JTA platform integration)
2024-09-12 19:31:57 INFO  o.s.o.j.LocalContainerEntityManagerFactoryBean - Initialized JPA EntityManagerFactory for persistence unit 'default'
2024-09-12 19:31:57 INFO  o.s.s.c.a.a.c.InitializeAuthenticationProviderBeanManagerConfigurer$InitializeAuthenticationProviderManagerConfigurer - Global AuthenticationManager configured with AuthenticationProvider bean with name authenticationProvider
2024-09-12 19:31:57 WARN  o.s.s.c.a.a.c.InitializeUserDetailsBeanManagerConfigurer$InitializeUserDetailsManagerConfigurer - Global AuthenticationManager configured with an AuthenticationProvider bean. UserDetailsService beans will not be used for username/password login. Consider removing the AuthenticationProvider bean. Alternatively, consider using the UserDetailsService in a manually instantiated DaoAuthenticationProvider.
2024-09-12 19:31:57 WARN  o.s.b.a.o.j.JpaBaseConfiguration$JpaWebConfiguration - spring.jpa.open-in-view is enabled by default. Therefore, database queries may be performed during view rendering. Explicitly configure spring.jpa.open-in-view to disable this warning
2024-09-12 19:31:57 INFO  o.s.b.d.a.OptionalLiveReloadServer - LiveReload server is running on port 35729
2024-09-12 19:31:57 INFO  o.a.coyote.http11.Http11NioProtocol - Starting ProtocolHandler ["http-nio-8080"]
2024-09-12 19:31:57 INFO  o.s.b.w.e.tomcat.TomcatWebServer - Tomcat started on port 8080 (http) with context path '/'
2024-09-12 19:31:57 INFO  c.b.furniture.FurnitureApplication - Started FurnitureApplication in 0.662 seconds (process running for 66.39)
2024-09-12 19:31:57 INFO  o.s.b.d.a.ConditionEvaluationDeltaLoggingListener - Condition evaluation unchanged
2024-09-12 19:32:36 INFO  o.a.c.c.C.[Tomcat].[localhost].[/] - Initializing Spring DispatcherServlet 'dispatcherServlet'
2024-09-12 19:32:36 INFO  o.s.web.servlet.DispatcherServlet - Initializing Servlet 'dispatcherServlet'
2024-09-12 19:32:36 INFO  o.s.web.servlet.DispatcherServlet - Completed initialization in 1 ms
2024-09-12 19:32:36 INFO  c.b.furniture.jwt.JwtRequestFilter - Processing request to '/api/user/register'
2024-09-12 19:32:36 INFO  c.b.furniture.jwt.JwtRequestFilter - Getting JWT Token from request
2024-09-12 19:32:36 WARN  c.b.furniture.jwt.JwtRequestFilter - JWT Token does not begin with Bearer String
2024-09-12 19:32:36 INFO  c.b.f.controller.user.UserController - Request to register user with username: 
2024-09-12 19:32:36 INFO  c.b.f.service.user.UserServiceImpl - Request to register user with username: 
2024-09-12 19:32:36 INFO  c.b.f.service.user.UserServiceImpl - Request to validate register request
2024-09-12 19:32:36 INFO  c.b.f.service.user.UserServiceImpl - Request to encode password
2024-09-12 19:32:36 INFO  c.b.f.service.user.UserServiceImpl - Request to create user entity
2024-09-12 19:32:36 INFO  c.b.f.service.user.UserServiceImpl - Assigning default role to user
2024-09-12 19:32:36 INFO  c.b.f.service.email.EmailServiceImpl - Sending OTP email to thanhnh27537@gmail.com
2024-09-12 19:32:36 INFO  c.b.f.service.email.EmailServiceImpl - Preparing to send email to thanhnh27537@gmail.com
2024-09-12 19:32:36 INFO  c.b.f.service.user.UserServiceImpl - Request to save user
2024-09-12 19:32:36 INFO  c.b.f.service.email.EmailServiceImpl - Submitting email task to executor
2024-09-12 19:32:36 INFO  c.b.f.service.email.EmailServiceImpl - Creating MimeMessage for email to thanhnh27537@gmail.com
2024-09-12 19:32:36 ERROR c.b.f.service.email.EmailServiceImpl - Failed to send email to thanhnh27537@gmail.com
jakarta.mail.internet.AddressException: Illegal address
	at jakarta.mail.internet.InternetAddress.<init>(InternetAddress.java:103)
	at com.binnguci.furniture.service.email.EmailServiceImpl.createMimeMessage(EmailServiceImpl.java:87)
	at com.binnguci.furniture.service.email.EmailServiceImpl.lambda$sendMail$0(EmailServiceImpl.java:70)
	at java.base/java.util.concurrent.Executors$RunnableAdapter.call(Executors.java:539)
	at java.base/java.util.concurrent.FutureTask.run(FutureTask.java:264)
	at java.base/java.util.concurrent.ThreadPoolExecutor.runWorker(ThreadPoolExecutor.java:1136)
	at java.base/java.util.concurrent.ThreadPoolExecutor$Worker.run(ThreadPoolExecutor.java:635)
	at java.base/java.lang.Thread.run(Thread.java:840)
2024-09-12 19:32:36 INFO  c.b.f.service.user.UserServiceImpl - Request to find user by username: 
2024-09-12 19:32:36 INFO  c.b.f.service.user.UserServiceImpl - Successfully found user by id: 
2024-09-12 19:32:36 INFO  c.b.f.service.user.UserServiceImpl - Successfully registered user with username: 
2024-09-12 19:34:09 INFO  o.s.b.d.a.LocalDevToolsAutoConfiguration$RestartingClassPathChangeChangedEventListener - Restarting due to 16 class path changes (0 additions, 0 deletions, 16 modifications)
2024-09-12 19:34:09 INFO  o.a.coyote.http11.Http11NioProtocol - Stopping ProtocolHandler ["http-nio-8080"]
2024-09-12 19:34:09 INFO  o.s.o.j.LocalContainerEntityManagerFactoryBean - Closing JPA EntityManagerFactory for persistence unit 'default'
2024-09-12 19:34:09 INFO  com.zaxxer.hikari.HikariDataSource - HikariPool-2 - Shutdown initiated...
2024-09-12 19:34:09 INFO  com.zaxxer.hikari.HikariDataSource - HikariPool-2 - Shutdown completed.
2024-09-12 19:34:10 INFO  c.b.furniture.FurnitureApplication - Starting FurnitureApplication using Java 17.0.11 with PID 246185 (/home/binh/code/graduation_essay/furniture/build/classes/java/main started by binh in /home/binh/code/graduation_essay/furniture)
2024-09-12 19:34:10 INFO  c.b.furniture.FurnitureApplication - The following 1 profile is active: "dev"
2024-09-12 19:34:10 INFO  o.s.d.r.c.RepositoryConfigurationDelegate - Bootstrapping Spring Data JPA repositories in DEFAULT mode.
2024-09-12 19:34:10 INFO  o.s.d.r.c.RepositoryConfigurationDelegate - Finished Spring Data repository scanning in 16 ms. Found 8 JPA repository interfaces.
2024-09-12 19:34:10 INFO  o.s.b.w.e.tomcat.TomcatWebServer - Tomcat initialized with port 8080 (http)
2024-09-12 19:34:10 INFO  o.a.coyote.http11.Http11NioProtocol - Initializing ProtocolHandler ["http-nio-8080"]
2024-09-12 19:34:10 INFO  o.a.catalina.core.StandardService - Starting service [Tomcat]
2024-09-12 19:34:10 INFO  o.a.catalina.core.StandardEngine - Starting Servlet engine: [Apache Tomcat/10.1.26]
2024-09-12 19:34:10 INFO  o.a.c.c.C.[Tomcat].[localhost].[/] - Initializing Spring embedded WebApplicationContext
2024-09-12 19:34:10 INFO  o.s.b.w.s.c.ServletWebServerApplicationContext - Root WebApplicationContext: initialization completed in 183 ms
2024-09-12 19:34:10 INFO  o.h.jpa.internal.util.LogHelper - HHH000204: Processing PersistenceUnitInfo [name: default]
2024-09-12 19:34:10 INFO  o.h.c.i.RegionFactoryInitiator - HHH000026: Second-level cache disabled
2024-09-12 19:34:10 INFO  o.s.o.j.p.SpringPersistenceUnitInfo - No LoadTimeWeaver setup: ignoring JPA class transformer
2024-09-12 19:34:10 INFO  com.zaxxer.hikari.HikariDataSource - HikariPool-3 - Starting...
2024-09-12 19:34:10 INFO  com.zaxxer.hikari.pool.HikariPool - HikariPool-3 - Added connection com.mysql.cj.jdbc.ConnectionImpl@2092c524
2024-09-12 19:34:10 INFO  com.zaxxer.hikari.HikariDataSource - HikariPool-3 - Start completed.
2024-09-12 19:34:10 WARN  org.hibernate.orm.deprecation - HHH90000025: MySQLDialect does not need to be specified explicitly using 'hibernate.dialect' (remove the property setting and it will be selected by default)
2024-09-12 19:34:10 INFO  o.h.e.t.j.p.i.JtaPlatformInitiator - HHH000489: No JTA platform available (set 'hibernate.transaction.jta.platform' to enable JTA platform integration)
2024-09-12 19:34:10 INFO  o.s.o.j.LocalContainerEntityManagerFactoryBean - Initialized JPA EntityManagerFactory for persistence unit 'default'
2024-09-12 19:34:10 INFO  o.s.s.c.a.a.c.InitializeAuthenticationProviderBeanManagerConfigurer$InitializeAuthenticationProviderManagerConfigurer - Global AuthenticationManager configured with AuthenticationProvider bean with name authenticationProvider
2024-09-12 19:34:10 WARN  o.s.s.c.a.a.c.InitializeUserDetailsBeanManagerConfigurer$InitializeUserDetailsManagerConfigurer - Global AuthenticationManager configured with an AuthenticationProvider bean. UserDetailsService beans will not be used for username/password login. Consider removing the AuthenticationProvider bean. Alternatively, consider using the UserDetailsService in a manually instantiated DaoAuthenticationProvider.
2024-09-12 19:34:10 WARN  o.s.b.a.o.j.JpaBaseConfiguration$JpaWebConfiguration - spring.jpa.open-in-view is enabled by default. Therefore, database queries may be performed during view rendering. Explicitly configure spring.jpa.open-in-view to disable this warning
2024-09-12 19:34:10 INFO  o.s.b.d.a.OptionalLiveReloadServer - LiveReload server is running on port 35729
2024-09-12 19:34:10 INFO  o.a.coyote.http11.Http11NioProtocol - Starting ProtocolHandler ["http-nio-8080"]
2024-09-12 19:34:10 INFO  o.s.b.w.e.tomcat.TomcatWebServer - Tomcat started on port 8080 (http) with context path '/'
2024-09-12 19:34:10 INFO  c.b.furniture.FurnitureApplication - Started FurnitureApplication in 0.65 seconds (process running for 199.101)
2024-09-12 19:34:10 INFO  o.s.b.d.a.ConditionEvaluationDeltaLoggingListener - Condition evaluation unchanged
2024-09-12 19:34:15 INFO  o.s.b.d.a.LocalDevToolsAutoConfiguration$RestartingClassPathChangeChangedEventListener - Restarting due to 1 class path change (0 additions, 0 deletions, 1 modification)
2024-09-12 19:34:15 INFO  o.a.coyote.http11.Http11NioProtocol - Stopping ProtocolHandler ["http-nio-8080"]
2024-09-12 19:34:15 INFO  o.s.o.j.LocalContainerEntityManagerFactoryBean - Closing JPA EntityManagerFactory for persistence unit 'default'
2024-09-12 19:34:15 INFO  com.zaxxer.hikari.HikariDataSource - HikariPool-3 - Shutdown initiated...
2024-09-12 19:34:15 INFO  com.zaxxer.hikari.HikariDataSource - HikariPool-3 - Shutdown completed.
2024-09-12 19:34:15 INFO  c.b.furniture.FurnitureApplication - Starting FurnitureApplication using Java 17.0.11 with PID 246185 (/home/binh/code/graduation_essay/furniture/build/classes/java/main started by binh in /home/binh/code/graduation_essay/furniture)
2024-09-12 19:34:15 INFO  c.b.furniture.FurnitureApplication - The following 1 profile is active: "dev"
2024-09-12 19:34:15 INFO  o.s.d.r.c.RepositoryConfigurationDelegate - Bootstrapping Spring Data JPA repositories in DEFAULT mode.
2024-09-12 19:34:15 INFO  o.s.d.r.c.RepositoryConfigurationDelegate - Finished Spring Data repository scanning in 16 ms. Found 8 JPA repository interfaces.
2024-09-12 19:34:15 INFO  o.s.b.w.e.tomcat.TomcatWebServer - Tomcat initialized with port 8080 (http)
2024-09-12 19:34:15 INFO  o.a.coyote.http11.Http11NioProtocol - Initializing ProtocolHandler ["http-nio-8080"]
2024-09-12 19:34:15 INFO  o.a.catalina.core.StandardService - Starting service [Tomcat]
2024-09-12 19:34:15 INFO  o.a.catalina.core.StandardEngine - Starting Servlet engine: [Apache Tomcat/10.1.26]
2024-09-12 19:34:15 INFO  o.a.c.c.C.[Tomcat].[localhost].[/] - Initializing Spring embedded WebApplicationContext
2024-09-12 19:34:15 INFO  o.s.b.w.s.c.ServletWebServerApplicationContext - Root WebApplicationContext: initialization completed in 221 ms
2024-09-12 19:34:15 INFO  o.h.jpa.internal.util.LogHelper - HHH000204: Processing PersistenceUnitInfo [name: default]
2024-09-12 19:34:15 INFO  o.h.c.i.RegionFactoryInitiator - HHH000026: Second-level cache disabled
2024-09-12 19:34:15 INFO  o.s.o.j.p.SpringPersistenceUnitInfo - No LoadTimeWeaver setup: ignoring JPA class transformer
2024-09-12 19:34:15 INFO  com.zaxxer.hikari.HikariDataSource - HikariPool-4 - Starting...
2024-09-12 19:34:15 INFO  com.zaxxer.hikari.pool.HikariPool - HikariPool-4 - Added connection com.mysql.cj.jdbc.ConnectionImpl@3441617b
2024-09-12 19:34:15 INFO  com.zaxxer.hikari.HikariDataSource - HikariPool-4 - Start completed.
2024-09-12 19:34:15 WARN  org.hibernate.orm.deprecation - HHH90000025: MySQLDialect does not need to be specified explicitly using 'hibernate.dialect' (remove the property setting and it will be selected by default)
2024-09-12 19:34:15 INFO  o.h.e.t.j.p.i.JtaPlatformInitiator - HHH000489: No JTA platform available (set 'hibernate.transaction.jta.platform' to enable JTA platform integration)
2024-09-12 19:34:15 INFO  o.s.o.j.LocalContainerEntityManagerFactoryBean - Initialized JPA EntityManagerFactory for persistence unit 'default'
2024-09-12 19:34:15 INFO  o.s.s.c.a.a.c.InitializeAuthenticationProviderBeanManagerConfigurer$InitializeAuthenticationProviderManagerConfigurer - Global AuthenticationManager configured with AuthenticationProvider bean with name authenticationProvider
2024-09-12 19:34:15 WARN  o.s.s.c.a.a.c.InitializeUserDetailsBeanManagerConfigurer$InitializeUserDetailsManagerConfigurer - Global AuthenticationManager configured with an AuthenticationProvider bean. UserDetailsService beans will not be used for username/password login. Consider removing the AuthenticationProvider bean. Alternatively, consider using the UserDetailsService in a manually instantiated DaoAuthenticationProvider.
2024-09-12 19:34:15 WARN  o.s.b.a.o.j.JpaBaseConfiguration$JpaWebConfiguration - spring.jpa.open-in-view is enabled by default. Therefore, database queries may be performed during view rendering. Explicitly configure spring.jpa.open-in-view to disable this warning
2024-09-12 19:34:15 INFO  o.s.b.d.a.OptionalLiveReloadServer - LiveReload server is running on port 35729
2024-09-12 19:34:15 INFO  o.a.coyote.http11.Http11NioProtocol - Starting ProtocolHandler ["http-nio-8080"]
2024-09-12 19:34:15 INFO  o.s.b.w.e.tomcat.TomcatWebServer - Tomcat started on port 8080 (http) with context path '/'
2024-09-12 19:34:15 INFO  c.b.furniture.FurnitureApplication - Started FurnitureApplication in 0.635 seconds (process running for 204.209)
2024-09-12 19:34:15 INFO  o.s.b.d.a.ConditionEvaluationDeltaLoggingListener - Condition evaluation unchanged
2024-09-12 19:42:17 INFO  o.s.o.j.LocalContainerEntityManagerFactoryBean - Closing JPA EntityManagerFactory for persistence unit 'default'
2024-09-12 19:42:17 INFO  com.zaxxer.hikari.HikariDataSource - HikariPool-4 - Shutdown initiated...
2024-09-12 19:42:17 INFO  com.zaxxer.hikari.HikariDataSource - HikariPool-4 - Shutdown completed.
2024-09-12 19:42:18 INFO  c.b.furniture.FurnitureApplication - Starting FurnitureApplication using Java 17.0.11 with PID 250780 (/home/binh/code/graduation_essay/furniture/build/classes/java/main started by binh in /home/binh/code/graduation_essay/furniture)
2024-09-12 19:42:18 INFO  c.b.furniture.FurnitureApplication - The following 1 profile is active: "dev"
2024-09-12 19:42:18 INFO  o.s.b.d.e.DevToolsPropertyDefaultsPostProcessor - Devtools property defaults active! Set 'spring.devtools.add-properties' to 'false' to disable
2024-09-12 19:42:18 INFO  o.s.b.d.e.DevToolsPropertyDefaultsPostProcessor - For additional web related logging consider setting the 'logging.level.web' property to 'DEBUG'
2024-09-12 19:42:19 INFO  o.s.d.r.c.RepositoryConfigurationDelegate - Bootstrapping Spring Data JPA repositories in DEFAULT mode.
2024-09-12 19:42:19 INFO  o.s.d.r.c.RepositoryConfigurationDelegate - Finished Spring Data repository scanning in 53 ms. Found 8 JPA repository interfaces.
2024-09-12 19:42:19 INFO  o.s.b.w.e.tomcat.TomcatWebServer - Tomcat initialized with port 8080 (http)
2024-09-12 19:42:19 INFO  o.a.coyote.http11.Http11NioProtocol - Initializing ProtocolHandler ["http-nio-8080"]
2024-09-12 19:42:19 INFO  o.a.catalina.core.StandardService - Starting service [Tomcat]
2024-09-12 19:42:19 INFO  o.a.catalina.core.StandardEngine - Starting Servlet engine: [Apache Tomcat/10.1.26]
2024-09-12 19:42:19 INFO  o.a.c.c.C.[Tomcat].[localhost].[/] - Initializing Spring embedded WebApplicationContext
2024-09-12 19:42:19 INFO  o.s.b.w.s.c.ServletWebServerApplicationContext - Root WebApplicationContext: initialization completed in 875 ms
2024-09-12 19:42:19 INFO  o.h.jpa.internal.util.LogHelper - HHH000204: Processing PersistenceUnitInfo [name: default]
2024-09-12 19:42:19 INFO  org.hibernate.Version - HHH000412: Hibernate ORM core version 6.5.2.Final
2024-09-12 19:42:19 INFO  o.h.c.i.RegionFactoryInitiator - HHH000026: Second-level cache disabled
2024-09-12 19:42:19 INFO  o.s.o.j.p.SpringPersistenceUnitInfo - No LoadTimeWeaver setup: ignoring JPA class transformer
2024-09-12 19:42:19 INFO  com.zaxxer.hikari.HikariDataSource - HikariPool-1 - Starting...
2024-09-12 19:42:20 INFO  com.zaxxer.hikari.pool.HikariPool - HikariPool-1 - Added connection com.mysql.cj.jdbc.ConnectionImpl@376a28b2
2024-09-12 19:42:20 INFO  com.zaxxer.hikari.HikariDataSource - HikariPool-1 - Start completed.
2024-09-12 19:42:20 WARN  org.hibernate.orm.deprecation - HHH90000025: MySQLDialect does not need to be specified explicitly using 'hibernate.dialect' (remove the property setting and it will be selected by default)
2024-09-12 19:42:20 INFO  o.h.e.t.j.p.i.JtaPlatformInitiator - HHH000489: No JTA platform available (set 'hibernate.transaction.jta.platform' to enable JTA platform integration)
2024-09-12 19:42:20 INFO  o.s.o.j.LocalContainerEntityManagerFactoryBean - Initialized JPA EntityManagerFactory for persistence unit 'default'
2024-09-12 19:42:21 INFO  o.s.s.c.a.a.c.InitializeAuthenticationProviderBeanManagerConfigurer$InitializeAuthenticationProviderManagerConfigurer - Global AuthenticationManager configured with AuthenticationProvider bean with name authenticationProvider
2024-09-12 19:42:21 WARN  o.s.s.c.a.a.c.InitializeUserDetailsBeanManagerConfigurer$InitializeUserDetailsManagerConfigurer - Global AuthenticationManager configured with an AuthenticationProvider bean. UserDetailsService beans will not be used for username/password login. Consider removing the AuthenticationProvider bean. Alternatively, consider using the UserDetailsService in a manually instantiated DaoAuthenticationProvider.
2024-09-12 19:42:21 INFO  o.s.d.j.r.query.QueryEnhancerFactory - Hibernate is in classpath; If applicable, HQL parser will be used.
2024-09-12 19:42:21 WARN  o.s.b.a.o.j.JpaBaseConfiguration$JpaWebConfiguration - spring.jpa.open-in-view is enabled by default. Therefore, database queries may be performed during view rendering. Explicitly configure spring.jpa.open-in-view to disable this warning
2024-09-12 19:42:21 INFO  o.s.b.d.a.OptionalLiveReloadServer - LiveReload server is running on port 35729
2024-09-12 19:42:21 INFO  o.a.coyote.http11.Http11NioProtocol - Starting ProtocolHandler ["http-nio-8080"]
2024-09-12 19:42:21 INFO  o.s.b.w.e.tomcat.TomcatWebServer - Tomcat started on port 8080 (http) with context path '/'
2024-09-12 19:42:21 INFO  c.b.furniture.FurnitureApplication - Started FurnitureApplication in 3.272 seconds (process running for 3.867)
2024-09-12 19:45:35 INFO  o.s.o.j.LocalContainerEntityManagerFactoryBean - Closing JPA EntityManagerFactory for persistence unit 'default'
2024-09-12 19:45:35 INFO  com.zaxxer.hikari.HikariDataSource - HikariPool-1 - Shutdown initiated...
2024-09-12 19:45:35 INFO  com.zaxxer.hikari.HikariDataSource - HikariPool-1 - Shutdown completed.
2024-09-12 19:45:37 INFO  c.b.furniture.FurnitureApplication - Starting FurnitureApplication using Java 17.0.11 with PID 251641 (/home/binh/code/graduation_essay/furniture/build/classes/java/main started by binh in /home/binh/code/graduation_essay/furniture)
2024-09-12 19:45:37 INFO  c.b.furniture.FurnitureApplication - The following 1 profile is active: "dev"
2024-09-12 19:45:37 INFO  o.s.b.d.e.DevToolsPropertyDefaultsPostProcessor - Devtools property defaults active! Set 'spring.devtools.add-properties' to 'false' to disable
2024-09-12 19:45:37 INFO  o.s.b.d.e.DevToolsPropertyDefaultsPostProcessor - For additional web related logging consider setting the 'logging.level.web' property to 'DEBUG'
2024-09-12 19:45:38 INFO  o.s.d.r.c.RepositoryConfigurationDelegate - Bootstrapping Spring Data JPA repositories in DEFAULT mode.
2024-09-12 19:45:38 INFO  o.s.d.r.c.RepositoryConfigurationDelegate - Finished Spring Data repository scanning in 61 ms. Found 8 JPA repository interfaces.
2024-09-12 19:45:38 INFO  o.s.b.w.e.tomcat.TomcatWebServer - Tomcat initialized with port 8080 (http)
2024-09-12 19:45:38 INFO  o.a.coyote.http11.Http11NioProtocol - Initializing ProtocolHandler ["http-nio-8080"]
2024-09-12 19:45:38 INFO  o.a.catalina.core.StandardService - Starting service [Tomcat]
2024-09-12 19:45:38 INFO  o.a.catalina.core.StandardEngine - Starting Servlet engine: [Apache Tomcat/10.1.26]
2024-09-12 19:45:38 INFO  o.a.c.c.C.[Tomcat].[localhost].[/] - Initializing Spring embedded WebApplicationContext
2024-09-12 19:45:38 INFO  o.s.b.w.s.c.ServletWebServerApplicationContext - Root WebApplicationContext: initialization completed in 937 ms
2024-09-12 19:45:38 INFO  o.h.jpa.internal.util.LogHelper - HHH000204: Processing PersistenceUnitInfo [name: default]
2024-09-12 19:45:38 INFO  org.hibernate.Version - HHH000412: Hibernate ORM core version 6.5.2.Final
2024-09-12 19:45:38 INFO  o.h.c.i.RegionFactoryInitiator - HHH000026: Second-level cache disabled
2024-09-12 19:45:38 INFO  o.s.o.j.p.SpringPersistenceUnitInfo - No LoadTimeWeaver setup: ignoring JPA class transformer
2024-09-12 19:45:38 INFO  com.zaxxer.hikari.HikariDataSource - HikariPool-1 - Starting...
2024-09-12 19:45:39 INFO  com.zaxxer.hikari.pool.HikariPool - HikariPool-1 - Added connection com.mysql.cj.jdbc.ConnectionImpl@5b446478
2024-09-12 19:45:39 INFO  com.zaxxer.hikari.HikariDataSource - HikariPool-1 - Start completed.
2024-09-12 19:45:39 WARN  org.hibernate.orm.deprecation - HHH90000025: MySQLDialect does not need to be specified explicitly using 'hibernate.dialect' (remove the property setting and it will be selected by default)
2024-09-12 19:45:39 INFO  o.h.e.t.j.p.i.JtaPlatformInitiator - HHH000489: No JTA platform available (set 'hibernate.transaction.jta.platform' to enable JTA platform integration)
2024-09-12 19:45:40 INFO  o.s.o.j.LocalContainerEntityManagerFactoryBean - Initialized JPA EntityManagerFactory for persistence unit 'default'
2024-09-12 19:45:40 INFO  o.s.s.c.a.a.c.InitializeAuthenticationProviderBeanManagerConfigurer$InitializeAuthenticationProviderManagerConfigurer - Global AuthenticationManager configured with AuthenticationProvider bean with name authenticationProvider
2024-09-12 19:45:40 WARN  o.s.s.c.a.a.c.InitializeUserDetailsBeanManagerConfigurer$InitializeUserDetailsManagerConfigurer - Global AuthenticationManager configured with an AuthenticationProvider bean. UserDetailsService beans will not be used for username/password login. Consider removing the AuthenticationProvider bean. Alternatively, consider using the UserDetailsService in a manually instantiated DaoAuthenticationProvider.
2024-09-12 19:45:40 INFO  o.s.d.j.r.query.QueryEnhancerFactory - Hibernate is in classpath; If applicable, HQL parser will be used.
2024-09-12 19:45:40 WARN  o.s.b.a.o.j.JpaBaseConfiguration$JpaWebConfiguration - spring.jpa.open-in-view is enabled by default. Therefore, database queries may be performed during view rendering. Explicitly configure spring.jpa.open-in-view to disable this warning
2024-09-12 19:45:40 INFO  o.s.b.d.a.OptionalLiveReloadServer - LiveReload server is running on port 35729
2024-09-12 19:45:40 INFO  o.a.coyote.http11.Http11NioProtocol - Starting ProtocolHandler ["http-nio-8080"]
2024-09-12 19:45:40 INFO  o.s.b.w.e.tomcat.TomcatWebServer - Tomcat started on port 8080 (http) with context path '/'
2024-09-12 19:45:40 INFO  c.b.furniture.FurnitureApplication - Started FurnitureApplication in 3.589 seconds (process running for 4.1)
2024-09-12 19:45:54 INFO  o.a.c.c.C.[Tomcat].[localhost].[/] - Initializing Spring DispatcherServlet 'dispatcherServlet'
2024-09-12 19:45:54 INFO  o.s.web.servlet.DispatcherServlet - Initializing Servlet 'dispatcherServlet'
2024-09-12 19:45:54 INFO  o.s.web.servlet.DispatcherServlet - Completed initialization in 2 ms
2024-09-12 19:45:54 INFO  c.b.furniture.jwt.JwtRequestFilter - Processing request to '/api/user/register'
2024-09-12 19:45:54 INFO  c.b.furniture.jwt.JwtRequestFilter - Getting JWT Token from request
2024-09-12 19:45:54 WARN  c.b.furniture.jwt.JwtRequestFilter - JWT Token does not begin with Bearer String
2024-09-12 19:45:54 INFO  c.b.f.controller.user.UserController - Request to register user with username: 
2024-09-12 19:45:54 INFO  c.b.f.service.user.UserServiceImpl - Request to register user with username: 
2024-09-12 19:45:54 INFO  c.b.f.service.user.UserServiceImpl - Request to validate register request
2024-09-12 19:45:54 INFO  c.b.f.service.user.UserServiceImpl - Request to encode password
2024-09-12 19:45:55 INFO  c.b.f.service.user.UserServiceImpl - Request to create user entity
2024-09-12 19:45:55 INFO  c.b.f.service.user.UserServiceImpl - Assigning default role to user
2024-09-12 19:45:55 INFO  c.b.f.service.email.EmailServiceImpl - Sending OTP email to thanhnh27537@gmail.com
2024-09-12 19:45:55 INFO  c.b.f.service.email.EmailServiceImpl - Preparing to send email to thanhnh27537@gmail.com
2024-09-12 19:45:55 INFO  c.b.f.service.user.UserServiceImpl - Request to save user
2024-09-12 19:45:55 INFO  c.b.f.service.email.EmailServiceImpl - Submitting email task to executor
2024-09-12 19:45:55 INFO  c.b.f.service.email.EmailServiceImpl - Creating MimeMessage for email to thanhnh27537@gmail.com
2024-09-12 19:45:55 ERROR c.b.f.service.email.EmailServiceImpl - Failed to send email to thanhnh27537@gmail.com
jakarta.mail.internet.AddressException: Illegal address
	at jakarta.mail.internet.InternetAddress.<init>(InternetAddress.java:103)
	at com.binnguci.furniture.service.email.EmailServiceImpl.createMimeMessage(EmailServiceImpl.java:87)
	at com.binnguci.furniture.service.email.EmailServiceImpl.lambda$sendMail$0(EmailServiceImpl.java:70)
	at java.base/java.util.concurrent.Executors$RunnableAdapter.call(Executors.java:539)
	at java.base/java.util.concurrent.FutureTask.run(FutureTask.java:264)
	at java.base/java.util.concurrent.ThreadPoolExecutor.runWorker(ThreadPoolExecutor.java:1136)
	at java.base/java.util.concurrent.ThreadPoolExecutor$Worker.run(ThreadPoolExecutor.java:635)
	at java.base/java.lang.Thread.run(Thread.java:840)
2024-09-12 19:45:55 INFO  c.b.f.service.user.UserServiceImpl - Request to find user by username: 
2024-09-12 19:45:55 INFO  c.b.f.service.user.UserServiceImpl - Successfully found user by id: 
2024-09-12 19:45:55 INFO  c.b.f.service.user.UserServiceImpl - Successfully registered user with username: 
2024-09-12 19:50:41 INFO  o.s.o.j.LocalContainerEntityManagerFactoryBean - Closing JPA EntityManagerFactory for persistence unit 'default'
2024-09-12 19:50:41 INFO  com.zaxxer.hikari.HikariDataSource - HikariPool-1 - Shutdown initiated...
2024-09-12 19:50:41 INFO  com.zaxxer.hikari.HikariDataSource - HikariPool-1 - Shutdown completed.
2024-09-12 19:53:34 INFO  c.b.furniture.FurnitureApplication - Starting FurnitureApplication using Java 17.0.11 with PID 254200 (/home/binh/code/graduation_essay/furniture/build/classes/java/main started by binh in /home/binh/code/graduation_essay/furniture)
2024-09-12 19:53:34 INFO  c.b.furniture.FurnitureApplication - The following 1 profile is active: "dev"
2024-09-12 19:53:34 INFO  o.s.b.d.e.DevToolsPropertyDefaultsPostProcessor - Devtools property defaults active! Set 'spring.devtools.add-properties' to 'false' to disable
2024-09-12 19:53:34 INFO  o.s.b.d.e.DevToolsPropertyDefaultsPostProcessor - For additional web related logging consider setting the 'logging.level.web' property to 'DEBUG'
2024-09-12 19:53:34 INFO  o.s.d.r.c.RepositoryConfigurationDelegate - Bootstrapping Spring Data JPA repositories in DEFAULT mode.
2024-09-12 19:53:34 INFO  o.s.d.r.c.RepositoryConfigurationDelegate - Finished Spring Data repository scanning in 54 ms. Found 8 JPA repository interfaces.
2024-09-12 19:53:35 INFO  o.s.b.w.e.tomcat.TomcatWebServer - Tomcat initialized with port 8080 (http)
2024-09-12 19:53:35 INFO  o.a.coyote.http11.Http11NioProtocol - Initializing ProtocolHandler ["http-nio-8080"]
2024-09-12 19:53:35 INFO  o.a.catalina.core.StandardService - Starting service [Tomcat]
2024-09-12 19:53:35 INFO  o.a.catalina.core.StandardEngine - Starting Servlet engine: [Apache Tomcat/10.1.26]
2024-09-12 19:53:35 INFO  o.a.c.c.C.[Tomcat].[localhost].[/] - Initializing Spring embedded WebApplicationContext
2024-09-12 19:53:35 INFO  o.s.b.w.s.c.ServletWebServerApplicationContext - Root WebApplicationContext: initialization completed in 973 ms
2024-09-12 19:53:35 INFO  o.h.jpa.internal.util.LogHelper - HHH000204: Processing PersistenceUnitInfo [name: default]
2024-09-12 19:53:35 INFO  org.hibernate.Version - HHH000412: Hibernate ORM core version 6.5.2.Final
2024-09-12 19:53:35 INFO  o.h.c.i.RegionFactoryInitiator - HHH000026: Second-level cache disabled
2024-09-12 19:53:35 INFO  o.s.o.j.p.SpringPersistenceUnitInfo - No LoadTimeWeaver setup: ignoring JPA class transformer
2024-09-12 19:53:35 INFO  com.zaxxer.hikari.HikariDataSource - HikariPool-1 - Starting...
2024-09-12 19:53:35 INFO  com.zaxxer.hikari.pool.HikariPool - HikariPool-1 - Added connection com.mysql.cj.jdbc.ConnectionImpl@38c42bb3
2024-09-12 19:53:35 INFO  com.zaxxer.hikari.HikariDataSource - HikariPool-1 - Start completed.
2024-09-12 19:53:35 WARN  org.hibernate.orm.deprecation - HHH90000025: MySQLDialect does not need to be specified explicitly using 'hibernate.dialect' (remove the property setting and it will be selected by default)
2024-09-12 19:53:36 INFO  o.h.e.t.j.p.i.JtaPlatformInitiator - HHH000489: No JTA platform available (set 'hibernate.transaction.jta.platform' to enable JTA platform integration)
2024-09-12 19:53:36 INFO  o.s.o.j.LocalContainerEntityManagerFactoryBean - Initialized JPA EntityManagerFactory for persistence unit 'default'
2024-09-12 19:53:36 INFO  o.s.s.c.a.a.c.InitializeAuthenticationProviderBeanManagerConfigurer$InitializeAuthenticationProviderManagerConfigurer - Global AuthenticationManager configured with AuthenticationProvider bean with name authenticationProvider
2024-09-12 19:53:36 WARN  o.s.s.c.a.a.c.InitializeUserDetailsBeanManagerConfigurer$InitializeUserDetailsManagerConfigurer - Global AuthenticationManager configured with an AuthenticationProvider bean. UserDetailsService beans will not be used for username/password login. Consider removing the AuthenticationProvider bean. Alternatively, consider using the UserDetailsService in a manually instantiated DaoAuthenticationProvider.
2024-09-12 19:53:36 INFO  o.s.d.j.r.query.QueryEnhancerFactory - Hibernate is in classpath; If applicable, HQL parser will be used.
2024-09-12 19:53:37 WARN  o.s.b.a.o.j.JpaBaseConfiguration$JpaWebConfiguration - spring.jpa.open-in-view is enabled by default. Therefore, database queries may be performed during view rendering. Explicitly configure spring.jpa.open-in-view to disable this warning
2024-09-12 19:53:37 INFO  o.s.b.d.a.OptionalLiveReloadServer - LiveReload server is running on port 35729
2024-09-12 19:53:37 INFO  o.a.coyote.http11.Http11NioProtocol - Starting ProtocolHandler ["http-nio-8080"]
2024-09-12 19:53:37 INFO  o.s.b.w.e.tomcat.TomcatWebServer - Tomcat started on port 8080 (http) with context path '/'
2024-09-12 19:53:37 INFO  c.b.furniture.FurnitureApplication - Started FurnitureApplication in 3.603 seconds (process running for 4.199)
2024-09-12 19:53:55 INFO  o.a.c.c.C.[Tomcat].[localhost].[/] - Initializing Spring DispatcherServlet 'dispatcherServlet'
2024-09-12 19:53:55 INFO  o.s.web.servlet.DispatcherServlet - Initializing Servlet 'dispatcherServlet'
2024-09-12 19:53:55 INFO  o.s.web.servlet.DispatcherServlet - Completed initialization in 1 ms
2024-09-12 19:53:55 INFO  c.b.furniture.jwt.JwtRequestFilter - Processing request to '/api/user/register'
2024-09-12 19:53:55 INFO  c.b.furniture.jwt.JwtRequestFilter - Getting JWT Token from request
2024-09-12 19:53:55 WARN  c.b.furniture.jwt.JwtRequestFilter - JWT Token does not begin with Bearer String
2024-09-12 19:53:55 INFO  c.b.f.controller.user.UserController - Request to register user with username: 
2024-09-12 19:53:55 INFO  c.b.f.service.user.UserServiceImpl - Request to register user with username: 
2024-09-12 19:53:55 INFO  c.b.f.service.user.UserServiceImpl - Request to validate register request
2024-09-12 19:53:55 INFO  c.b.f.service.user.UserServiceImpl - Request to encode password
2024-09-12 19:53:56 INFO  c.b.f.service.user.UserServiceImpl - Request to create user entity
2024-09-12 19:53:56 INFO  c.b.f.service.user.UserServiceImpl - Assigning default role to user
2024-09-12 19:53:56 INFO  c.b.f.service.email.EmailServiceImpl - Sending OTP email to thanhnh27537@gmail.com
2024-09-12 19:53:56 INFO  c.b.f.service.email.EmailServiceImpl - Preparing to send email to thanhnh27537@gmail.com
2024-09-12 19:53:56 INFO  c.b.f.service.user.UserServiceImpl - Request to save user
2024-09-12 19:53:56 INFO  c.b.f.service.email.EmailServiceImpl - Submitting email task to executor
2024-09-12 19:53:56 INFO  c.b.f.service.email.EmailServiceImpl - Creating MimeMessage for email to thanhnh27537@gmail.com
2024-09-12 19:53:56 ERROR c.b.f.service.email.EmailServiceImpl - Failed to send email to thanhnh27537@gmail.com
jakarta.mail.internet.AddressException: Illegal address
	at jakarta.mail.internet.InternetAddress.<init>(InternetAddress.java:103)
	at com.binnguci.furniture.service.email.EmailServiceImpl.createMimeMessage(EmailServiceImpl.java:87)
	at com.binnguci.furniture.service.email.EmailServiceImpl.lambda$sendMail$0(EmailServiceImpl.java:70)
	at java.base/java.util.concurrent.Executors$RunnableAdapter.call(Executors.java:539)
	at java.base/java.util.concurrent.FutureTask.run(FutureTask.java:264)
	at java.base/java.util.concurrent.ThreadPoolExecutor.runWorker(ThreadPoolExecutor.java:1136)
	at java.base/java.util.concurrent.ThreadPoolExecutor$Worker.run(ThreadPoolExecutor.java:635)
	at java.base/java.lang.Thread.run(Thread.java:840)
2024-09-12 19:53:56 INFO  c.b.f.service.user.UserServiceImpl - Request to find user by username: 
2024-09-12 19:53:56 INFO  c.b.f.service.user.UserServiceImpl - Successfully found user by id: 
2024-09-12 19:53:56 INFO  c.b.f.service.user.UserServiceImpl - Successfully registered user with username: 
2024-09-12 19:56:48 INFO  o.s.o.j.LocalContainerEntityManagerFactoryBean - Closing JPA EntityManagerFactory for persistence unit 'default'
2024-09-12 19:56:48 INFO  com.zaxxer.hikari.HikariDataSource - HikariPool-1 - Shutdown initiated...
2024-09-12 19:56:48 INFO  com.zaxxer.hikari.HikariDataSource - HikariPool-1 - Shutdown completed.
2024-09-12 19:56:54 INFO  o.h.validator.internal.util.Version - HV000001: Hibernate Validator 8.0.1.Final
2024-09-12 19:56:54 INFO  c.b.furniture.FurnitureApplication - Starting FurnitureApplication using Java 17.0.11 with PID 255637 (/home/binh/code/graduation_essay/furniture/build/classes/java/main started by binh in /home/binh/code/graduation_essay/furniture)
2024-09-12 19:56:54 INFO  c.b.furniture.FurnitureApplication - The following 1 profile is active: "dev"
2024-09-12 19:56:54 INFO  o.s.b.d.e.DevToolsPropertyDefaultsPostProcessor - Devtools property defaults active! Set 'spring.devtools.add-properties' to 'false' to disable
2024-09-12 19:56:54 INFO  o.s.b.d.e.DevToolsPropertyDefaultsPostProcessor - For additional web related logging consider setting the 'logging.level.web' property to 'DEBUG'
2024-09-12 19:56:55 INFO  o.s.d.r.c.RepositoryConfigurationDelegate - Bootstrapping Spring Data JPA repositories in DEFAULT mode.
2024-09-12 19:56:55 INFO  o.s.d.r.c.RepositoryConfigurationDelegate - Finished Spring Data repository scanning in 90 ms. Found 8 JPA repository interfaces.
2024-09-12 19:56:56 INFO  o.s.b.w.e.tomcat.TomcatWebServer - Tomcat initialized with port 8080 (http)
2024-09-12 19:56:56 INFO  o.a.coyote.http11.Http11NioProtocol - Initializing ProtocolHandler ["http-nio-8080"]
2024-09-12 19:56:56 INFO  o.a.catalina.core.StandardService - Starting service [Tomcat]
2024-09-12 19:56:56 INFO  o.a.catalina.core.StandardEngine - Starting Servlet engine: [Apache Tomcat/10.1.26]
2024-09-12 19:56:56 INFO  o.a.c.c.C.[Tomcat].[localhost].[/] - Initializing Spring embedded WebApplicationContext
2024-09-12 19:56:56 INFO  o.s.b.w.s.c.ServletWebServerApplicationContext - Root WebApplicationContext: initialization completed in 1468 ms
2024-09-12 19:56:56 INFO  o.h.jpa.internal.util.LogHelper - HHH000204: Processing PersistenceUnitInfo [name: default]
2024-09-12 19:56:56 INFO  org.hibernate.Version - HHH000412: Hibernate ORM core version 6.5.2.Final
2024-09-12 19:56:56 INFO  o.h.c.i.RegionFactoryInitiator - HHH000026: Second-level cache disabled
2024-09-12 19:56:56 INFO  o.s.o.j.p.SpringPersistenceUnitInfo - No LoadTimeWeaver setup: ignoring JPA class transformer
2024-09-12 19:56:56 INFO  com.zaxxer.hikari.HikariDataSource - HikariPool-1 - Starting...
2024-09-12 19:56:56 INFO  com.zaxxer.hikari.pool.HikariPool - HikariPool-1 - Added connection com.mysql.cj.jdbc.ConnectionImpl@504e273a
2024-09-12 19:56:56 INFO  com.zaxxer.hikari.HikariDataSource - HikariPool-1 - Start completed.
2024-09-12 19:56:56 WARN  org.hibernate.orm.deprecation - HHH90000025: MySQLDialect does not need to be specified explicitly using 'hibernate.dialect' (remove the property setting and it will be selected by default)
2024-09-12 19:56:58 INFO  o.h.e.t.j.p.i.JtaPlatformInitiator - HHH000489: No JTA platform available (set 'hibernate.transaction.jta.platform' to enable JTA platform integration)
2024-09-12 19:56:58 INFO  o.s.o.j.LocalContainerEntityManagerFactoryBean - Initialized JPA EntityManagerFactory for persistence unit 'default'
2024-09-12 19:56:58 INFO  o.s.s.c.a.a.c.InitializeAuthenticationProviderBeanManagerConfigurer$InitializeAuthenticationProviderManagerConfigurer - Global AuthenticationManager configured with AuthenticationProvider bean with name authenticationProvider
2024-09-12 19:56:58 WARN  o.s.s.c.a.a.c.InitializeUserDetailsBeanManagerConfigurer$InitializeUserDetailsManagerConfigurer - Global AuthenticationManager configured with an AuthenticationProvider bean. UserDetailsService beans will not be used for username/password login. Consider removing the AuthenticationProvider bean. Alternatively, consider using the UserDetailsService in a manually instantiated DaoAuthenticationProvider.
2024-09-12 19:56:58 INFO  o.s.d.j.r.query.QueryEnhancerFactory - Hibernate is in classpath; If applicable, HQL parser will be used.
2024-09-12 19:56:58 WARN  o.s.b.a.o.j.JpaBaseConfiguration$JpaWebConfiguration - spring.jpa.open-in-view is enabled by default. Therefore, database queries may be performed during view rendering. Explicitly configure spring.jpa.open-in-view to disable this warning
2024-09-12 19:56:59 INFO  o.s.b.d.a.OptionalLiveReloadServer - LiveReload server is running on port 35729
2024-09-12 19:56:59 INFO  o.a.coyote.http11.Http11NioProtocol - Starting ProtocolHandler ["http-nio-8080"]
2024-09-12 19:56:59 INFO  o.s.b.w.e.tomcat.TomcatWebServer - Tomcat started on port 8080 (http) with context path '/'
2024-09-12 19:56:59 INFO  c.b.furniture.FurnitureApplication - Started FurnitureApplication in 5.087 seconds (process running for 5.911)
2024-09-12 19:57:27 INFO  o.s.o.j.LocalContainerEntityManagerFactoryBean - Closing JPA EntityManagerFactory for persistence unit 'default'
2024-09-12 19:57:27 INFO  com.zaxxer.hikari.HikariDataSource - HikariPool-1 - Shutdown initiated...
2024-09-12 19:57:27 INFO  com.zaxxer.hikari.HikariDataSource - HikariPool-1 - Shutdown completed.
2024-09-12 19:57:30 INFO  o.h.validator.internal.util.Version - HV000001: Hibernate Validator 8.0.1.Final
2024-09-12 19:57:30 INFO  c.b.furniture.FurnitureApplication - Starting FurnitureApplication using Java 17.0.11 with PID 256404 (/home/binh/code/graduation_essay/furniture/build/classes/java/main started by binh in /home/binh/code/graduation_essay/furniture)
2024-09-12 19:57:30 INFO  c.b.furniture.FurnitureApplication - The following 1 profile is active: "dev"
2024-09-12 19:57:30 INFO  o.s.b.d.e.DevToolsPropertyDefaultsPostProcessor - Devtools property defaults active! Set 'spring.devtools.add-properties' to 'false' to disable
2024-09-12 19:57:30 INFO  o.s.b.d.e.DevToolsPropertyDefaultsPostProcessor - For additional web related logging consider setting the 'logging.level.web' property to 'DEBUG'
2024-09-12 19:57:30 INFO  o.s.d.r.c.RepositoryConfigurationDelegate - Bootstrapping Spring Data JPA repositories in DEFAULT mode.
2024-09-12 19:57:30 INFO  o.s.d.r.c.RepositoryConfigurationDelegate - Finished Spring Data repository scanning in 50 ms. Found 8 JPA repository interfaces.
2024-09-12 19:57:30 INFO  o.s.b.w.e.tomcat.TomcatWebServer - Tomcat initialized with port 8080 (http)
2024-09-12 19:57:30 INFO  o.a.coyote.http11.Http11NioProtocol - Initializing ProtocolHandler ["http-nio-8080"]
2024-09-12 19:57:30 INFO  o.a.catalina.core.StandardService - Starting service [Tomcat]
2024-09-12 19:57:30 INFO  o.a.catalina.core.StandardEngine - Starting Servlet engine: [Apache Tomcat/10.1.26]
2024-09-12 19:57:31 INFO  o.a.c.c.C.[Tomcat].[localhost].[/] - Initializing Spring embedded WebApplicationContext
2024-09-12 19:57:31 INFO  o.s.b.w.s.c.ServletWebServerApplicationContext - Root WebApplicationContext: initialization completed in 912 ms
2024-09-12 19:57:31 INFO  o.h.jpa.internal.util.LogHelper - HHH000204: Processing PersistenceUnitInfo [name: default]
2024-09-12 19:57:31 INFO  org.hibernate.Version - HHH000412: Hibernate ORM core version 6.5.2.Final
2024-09-12 19:57:31 INFO  o.h.c.i.RegionFactoryInitiator - HHH000026: Second-level cache disabled
2024-09-12 19:57:31 INFO  o.s.o.j.p.SpringPersistenceUnitInfo - No LoadTimeWeaver setup: ignoring JPA class transformer
2024-09-12 19:57:31 INFO  com.zaxxer.hikari.HikariDataSource - HikariPool-1 - Starting...
2024-09-12 19:57:31 INFO  com.zaxxer.hikari.pool.HikariPool - HikariPool-1 - Added connection com.mysql.cj.jdbc.ConnectionImpl@2d5a0cb6
2024-09-12 19:57:31 INFO  com.zaxxer.hikari.HikariDataSource - HikariPool-1 - Start completed.
2024-09-12 19:57:31 WARN  org.hibernate.orm.deprecation - HHH90000025: MySQLDialect does not need to be specified explicitly using 'hibernate.dialect' (remove the property setting and it will be selected by default)
2024-09-12 19:57:32 INFO  o.h.e.t.j.p.i.JtaPlatformInitiator - HHH000489: No JTA platform available (set 'hibernate.transaction.jta.platform' to enable JTA platform integration)
2024-09-12 19:57:32 INFO  o.s.o.j.LocalContainerEntityManagerFactoryBean - Initialized JPA EntityManagerFactory for persistence unit 'default'
2024-09-12 19:57:32 INFO  o.s.s.c.a.a.c.InitializeAuthenticationProviderBeanManagerConfigurer$InitializeAuthenticationProviderManagerConfigurer - Global AuthenticationManager configured with AuthenticationProvider bean with name authenticationProvider
2024-09-12 19:57:32 WARN  o.s.s.c.a.a.c.InitializeUserDetailsBeanManagerConfigurer$InitializeUserDetailsManagerConfigurer - Global AuthenticationManager configured with an AuthenticationProvider bean. UserDetailsService beans will not be used for username/password login. Consider removing the AuthenticationProvider bean. Alternatively, consider using the UserDetailsService in a manually instantiated DaoAuthenticationProvider.
2024-09-12 19:57:32 INFO  o.s.d.j.r.query.QueryEnhancerFactory - Hibernate is in classpath; If applicable, HQL parser will be used.
2024-09-12 19:57:32 WARN  o.s.b.a.o.j.JpaBaseConfiguration$JpaWebConfiguration - spring.jpa.open-in-view is enabled by default. Therefore, database queries may be performed during view rendering. Explicitly configure spring.jpa.open-in-view to disable this warning
2024-09-12 19:57:33 INFO  o.s.b.d.a.OptionalLiveReloadServer - LiveReload server is running on port 35729
2024-09-12 19:57:33 INFO  o.a.coyote.http11.Http11NioProtocol - Starting ProtocolHandler ["http-nio-8080"]
2024-09-12 19:57:33 INFO  o.s.b.w.e.tomcat.TomcatWebServer - Tomcat started on port 8080 (http) with context path '/'
2024-09-12 19:57:33 INFO  c.b.furniture.FurnitureApplication - Started FurnitureApplication in 3.379 seconds (process running for 3.872)
2024-09-12 19:57:57 INFO  o.a.c.c.C.[Tomcat].[localhost].[/] - Initializing Spring DispatcherServlet 'dispatcherServlet'
2024-09-12 19:57:57 INFO  o.s.web.servlet.DispatcherServlet - Initializing Servlet 'dispatcherServlet'
2024-09-12 19:57:57 INFO  o.s.web.servlet.DispatcherServlet - Completed initialization in 1 ms
2024-09-12 19:57:57 INFO  c.b.furniture.jwt.JwtRequestFilter - Processing request to '/api/user/register'
2024-09-12 19:57:57 INFO  c.b.furniture.jwt.JwtRequestFilter - Getting JWT Token from request
2024-09-12 19:57:57 WARN  c.b.furniture.jwt.JwtRequestFilter - JWT Token does not begin with Bearer String
2024-09-12 19:57:57 WARN  o.s.w.s.m.m.a.ExceptionHandlerExceptionResolver - Resolved [org.springframework.web.bind.MethodArgumentNotValidException: Validation failed for argument [0] in public org.springframework.http.ResponseEntity<com.binnguci.furniture.domain.response.APIResponse<com.binnguci.furniture.dto.UserDTO>> com.binnguci.furniture.controller.user.UserController.register(com.binnguci.furniture.domain.request.RegisterRequest) with 2 errors: [Field error in object 'registerRequest' on field 'username': rejected value []; codes [Size.registerRequest.username,Size.username,Size.java.lang.String,Size]; arguments [org.springframework.context.support.DefaultMessageSourceResolvable: codes [registerRequest.username,username]; arguments []; default message [username],20,3]; default message [Username must be between 3 and 20 characters]] [Field error in object 'registerRequest' on field 'username': rejected value []; codes [NotBlank.registerRequest.username,NotBlank.username,NotBlank.java.lang.String,NotBlank]; arguments [org.springframework.context.support.DefaultMessageSourceResolvable: codes [registerRequest.username,username]; arguments []; default message [username]]; default message [Username is required]] ]
2024-09-12 20:21:22 INFO  o.s.b.d.a.LocalDevToolsAutoConfiguration$RestartingClassPathChangeChangedEventListener - Restarting due to 3 class path changes (0 additions, 3 deletions, 0 modifications)
2024-09-12 20:21:22 INFO  o.a.coyote.http11.Http11NioProtocol - Stopping ProtocolHandler ["http-nio-8080"]
2024-09-12 20:21:22 INFO  o.s.o.j.LocalContainerEntityManagerFactoryBean - Closing JPA EntityManagerFactory for persistence unit 'default'
2024-09-12 20:21:22 INFO  com.zaxxer.hikari.HikariDataSource - HikariPool-1 - Shutdown initiated...
2024-09-12 20:21:22 INFO  com.zaxxer.hikari.HikariDataSource - HikariPool-1 - Shutdown completed.
2024-09-12 20:21:22 INFO  c.b.furniture.FurnitureApplication - Starting FurnitureApplication using Java 17.0.11 with PID 256404 (/home/binh/code/graduation_essay/furniture/build/classes/java/main started by binh in /home/binh/code/graduation_essay/furniture)
2024-09-12 20:21:22 INFO  c.b.furniture.FurnitureApplication - The following 1 profile is active: "dev"
2024-09-12 20:21:22 INFO  o.s.d.r.c.RepositoryConfigurationDelegate - Bootstrapping Spring Data JPA repositories in DEFAULT mode.
2024-09-12 20:21:22 INFO  o.s.d.r.c.RepositoryConfigurationDelegate - Finished Spring Data repository scanning in 17 ms. Found 8 JPA repository interfaces.
2024-09-12 20:21:22 INFO  o.s.b.w.e.tomcat.TomcatWebServer - Tomcat initialized with port 8080 (http)
2024-09-12 20:21:22 INFO  o.a.coyote.http11.Http11NioProtocol - Initializing ProtocolHandler ["http-nio-8080"]
2024-09-12 20:21:22 INFO  o.a.catalina.core.StandardService - Starting service [Tomcat]
2024-09-12 20:21:22 INFO  o.a.catalina.core.StandardEngine - Starting Servlet engine: [Apache Tomcat/10.1.26]
2024-09-12 20:21:22 INFO  o.a.c.c.C.[Tomcat].[localhost].[/] - Initializing Spring embedded WebApplicationContext
2024-09-12 20:21:22 INFO  o.s.b.w.s.c.ServletWebServerApplicationContext - Root WebApplicationContext: initialization completed in 238 ms
2024-09-12 20:21:22 INFO  o.h.jpa.internal.util.LogHelper - HHH000204: Processing PersistenceUnitInfo [name: default]
2024-09-12 20:21:22 INFO  o.h.c.i.RegionFactoryInitiator - HHH000026: Second-level cache disabled
2024-09-12 20:21:22 INFO  o.s.o.j.p.SpringPersistenceUnitInfo - No LoadTimeWeaver setup: ignoring JPA class transformer
2024-09-12 20:21:22 INFO  com.zaxxer.hikari.HikariDataSource - HikariPool-2 - Starting...
2024-09-12 20:21:22 INFO  com.zaxxer.hikari.pool.HikariPool - HikariPool-2 - Added connection com.mysql.cj.jdbc.ConnectionImpl@722fe05c
2024-09-12 20:21:22 INFO  com.zaxxer.hikari.HikariDataSource - HikariPool-2 - Start completed.
2024-09-12 20:21:22 WARN  org.hibernate.orm.deprecation - HHH90000025: MySQLDialect does not need to be specified explicitly using 'hibernate.dialect' (remove the property setting and it will be selected by default)
2024-09-12 20:21:22 INFO  o.h.e.t.j.p.i.JtaPlatformInitiator - HHH000489: No JTA platform available (set 'hibernate.transaction.jta.platform' to enable JTA platform integration)
2024-09-12 20:21:22 INFO  o.s.o.j.LocalContainerEntityManagerFactoryBean - Initialized JPA EntityManagerFactory for persistence unit 'default'
2024-09-12 20:21:22 INFO  o.s.s.c.a.a.c.InitializeAuthenticationProviderBeanManagerConfigurer$InitializeAuthenticationProviderManagerConfigurer - Global AuthenticationManager configured with AuthenticationProvider bean with name authenticationProvider
2024-09-12 20:21:22 WARN  o.s.s.c.a.a.c.InitializeUserDetailsBeanManagerConfigurer$InitializeUserDetailsManagerConfigurer - Global AuthenticationManager configured with an AuthenticationProvider bean. UserDetailsService beans will not be used for username/password login. Consider removing the AuthenticationProvider bean. Alternatively, consider using the UserDetailsService in a manually instantiated DaoAuthenticationProvider.
2024-09-12 20:21:22 WARN  o.s.b.a.o.j.JpaBaseConfiguration$JpaWebConfiguration - spring.jpa.open-in-view is enabled by default. Therefore, database queries may be performed during view rendering. Explicitly configure spring.jpa.open-in-view to disable this warning
2024-09-12 20:21:22 INFO  o.s.b.d.a.OptionalLiveReloadServer - LiveReload server is running on port 35729
2024-09-12 20:21:22 INFO  o.a.coyote.http11.Http11NioProtocol - Starting ProtocolHandler ["http-nio-8080"]
2024-09-12 20:21:22 INFO  o.s.b.w.e.tomcat.TomcatWebServer - Tomcat started on port 8080 (http) with context path '/'
2024-09-12 20:21:22 INFO  c.b.furniture.FurnitureApplication - Started FurnitureApplication in 0.722 seconds (process running for 1433.639)
2024-09-12 20:21:22 INFO  o.s.b.d.a.ConditionEvaluationDeltaLoggingListener - Condition evaluation unchanged
2024-09-12 20:21:24 INFO  o.s.b.d.a.LocalDevToolsAutoConfiguration$RestartingClassPathChangeChangedEventListener - Restarting due to 3 class path changes (3 additions, 0 deletions, 0 modifications)
2024-09-12 20:21:24 INFO  o.a.coyote.http11.Http11NioProtocol - Stopping ProtocolHandler ["http-nio-8080"]
2024-09-12 20:21:24 INFO  o.s.o.j.LocalContainerEntityManagerFactoryBean - Closing JPA EntityManagerFactory for persistence unit 'default'
2024-09-12 20:21:24 INFO  com.zaxxer.hikari.HikariDataSource - HikariPool-2 - Shutdown initiated...
2024-09-12 20:21:24 INFO  com.zaxxer.hikari.HikariDataSource - HikariPool-2 - Shutdown completed.
2024-09-12 20:21:24 INFO  c.b.furniture.FurnitureApplication - Starting FurnitureApplication using Java 17.0.11 with PID 256404 (/home/binh/code/graduation_essay/furniture/build/classes/java/main started by binh in /home/binh/code/graduation_essay/furniture)
2024-09-12 20:21:24 INFO  c.b.furniture.FurnitureApplication - The following 1 profile is active: "dev"
2024-09-12 20:21:24 INFO  o.s.d.r.c.RepositoryConfigurationDelegate - Bootstrapping Spring Data JPA repositories in DEFAULT mode.
2024-09-12 20:21:24 INFO  o.s.d.r.c.RepositoryConfigurationDelegate - Finished Spring Data repository scanning in 15 ms. Found 8 JPA repository interfaces.
2024-09-12 20:21:24 INFO  o.s.b.w.e.tomcat.TomcatWebServer - Tomcat initialized with port 8080 (http)
2024-09-12 20:21:24 INFO  o.a.coyote.http11.Http11NioProtocol - Initializing ProtocolHandler ["http-nio-8080"]
2024-09-12 20:21:24 INFO  o.a.catalina.core.StandardService - Starting service [Tomcat]
2024-09-12 20:21:24 INFO  o.a.catalina.core.StandardEngine - Starting Servlet engine: [Apache Tomcat/10.1.26]
2024-09-12 20:21:24 INFO  o.a.c.c.C.[Tomcat].[localhost].[/] - Initializing Spring embedded WebApplicationContext
2024-09-12 20:21:24 INFO  o.s.b.w.s.c.ServletWebServerApplicationContext - Root WebApplicationContext: initialization completed in 177 ms
2024-09-12 20:21:24 INFO  o.h.jpa.internal.util.LogHelper - HHH000204: Processing PersistenceUnitInfo [name: default]
2024-09-12 20:21:24 INFO  o.h.c.i.RegionFactoryInitiator - HHH000026: Second-level cache disabled
2024-09-12 20:21:24 INFO  o.s.o.j.p.SpringPersistenceUnitInfo - No LoadTimeWeaver setup: ignoring JPA class transformer
2024-09-12 20:21:24 INFO  com.zaxxer.hikari.HikariDataSource - HikariPool-3 - Starting...
2024-09-12 20:21:24 INFO  com.zaxxer.hikari.pool.HikariPool - HikariPool-3 - Added connection com.mysql.cj.jdbc.ConnectionImpl@4023c5e7
2024-09-12 20:21:24 INFO  com.zaxxer.hikari.HikariDataSource - HikariPool-3 - Start completed.
2024-09-12 20:21:24 WARN  org.hibernate.orm.deprecation - HHH90000025: MySQLDialect does not need to be specified explicitly using 'hibernate.dialect' (remove the property setting and it will be selected by default)
2024-09-12 20:21:24 INFO  o.h.e.t.j.p.i.JtaPlatformInitiator - HHH000489: No JTA platform available (set 'hibernate.transaction.jta.platform' to enable JTA platform integration)
2024-09-12 20:21:24 INFO  o.s.o.j.LocalContainerEntityManagerFactoryBean - Initialized JPA EntityManagerFactory for persistence unit 'default'
2024-09-12 20:21:24 INFO  o.s.s.c.a.a.c.InitializeAuthenticationProviderBeanManagerConfigurer$InitializeAuthenticationProviderManagerConfigurer - Global AuthenticationManager configured with AuthenticationProvider bean with name authenticationProvider
2024-09-12 20:21:24 WARN  o.s.s.c.a.a.c.InitializeUserDetailsBeanManagerConfigurer$InitializeUserDetailsManagerConfigurer - Global AuthenticationManager configured with an AuthenticationProvider bean. UserDetailsService beans will not be used for username/password login. Consider removing the AuthenticationProvider bean. Alternatively, consider using the UserDetailsService in a manually instantiated DaoAuthenticationProvider.
2024-09-12 20:21:24 WARN  o.s.b.a.o.j.JpaBaseConfiguration$JpaWebConfiguration - spring.jpa.open-in-view is enabled by default. Therefore, database queries may be performed during view rendering. Explicitly configure spring.jpa.open-in-view to disable this warning
2024-09-12 20:21:24 INFO  o.s.b.d.a.OptionalLiveReloadServer - LiveReload server is running on port 35729
2024-09-12 20:21:24 INFO  o.a.coyote.http11.Http11NioProtocol - Starting ProtocolHandler ["http-nio-8080"]
2024-09-12 20:21:24 INFO  o.s.b.w.e.tomcat.TomcatWebServer - Tomcat started on port 8080 (http) with context path '/'
2024-09-12 20:21:24 INFO  c.b.furniture.FurnitureApplication - Started FurnitureApplication in 0.544 seconds (process running for 1435.638)
2024-09-12 20:21:24 INFO  o.s.b.d.a.ConditionEvaluationDeltaLoggingListener - Condition evaluation unchanged
2024-09-12 20:25:57 INFO  o.s.o.j.LocalContainerEntityManagerFactoryBean - Closing JPA EntityManagerFactory for persistence unit 'default'
2024-09-12 20:25:57 INFO  com.zaxxer.hikari.HikariDataSource - HikariPool-3 - Shutdown initiated...
2024-09-12 20:25:57 INFO  com.zaxxer.hikari.HikariDataSource - HikariPool-3 - Shutdown completed.
2024-09-12 20:25:59 INFO  o.h.validator.internal.util.Version - HV000001: Hibernate Validator 8.0.1.Final
2024-09-12 20:25:59 INFO  c.b.furniture.FurnitureApplication - Starting FurnitureApplication using Java 17.0.11 with PID 264690 (/home/binh/code/graduation_essay/furniture/build/classes/java/main started by binh in /home/binh/code/graduation_essay/furniture)
2024-09-12 20:25:59 INFO  c.b.furniture.FurnitureApplication - The following 1 profile is active: "dev"
2024-09-12 20:25:59 INFO  o.s.b.d.e.DevToolsPropertyDefaultsPostProcessor - Devtools property defaults active! Set 'spring.devtools.add-properties' to 'false' to disable
2024-09-12 20:25:59 INFO  o.s.b.d.e.DevToolsPropertyDefaultsPostProcessor - For additional web related logging consider setting the 'logging.level.web' property to 'DEBUG'
2024-09-12 20:26:00 INFO  o.s.d.r.c.RepositoryConfigurationDelegate - Bootstrapping Spring Data JPA repositories in DEFAULT mode.
2024-09-12 20:26:00 INFO  o.s.d.r.c.RepositoryConfigurationDelegate - Finished Spring Data repository scanning in 48 ms. Found 8 JPA repository interfaces.
2024-09-12 20:26:00 INFO  o.s.b.w.e.tomcat.TomcatWebServer - Tomcat initialized with port 8080 (http)
2024-09-12 20:26:00 INFO  o.a.coyote.http11.Http11NioProtocol - Initializing ProtocolHandler ["http-nio-8080"]
2024-09-12 20:26:00 INFO  o.a.catalina.core.StandardService - Starting service [Tomcat]
2024-09-12 20:26:00 INFO  o.a.catalina.core.StandardEngine - Starting Servlet engine: [Apache Tomcat/10.1.26]
2024-09-12 20:26:00 INFO  o.a.c.c.C.[Tomcat].[localhost].[/] - Initializing Spring embedded WebApplicationContext
2024-09-12 20:26:00 INFO  o.s.b.w.s.c.ServletWebServerApplicationContext - Root WebApplicationContext: initialization completed in 858 ms
2024-09-12 20:26:00 INFO  o.h.jpa.internal.util.LogHelper - HHH000204: Processing PersistenceUnitInfo [name: default]
2024-09-12 20:26:00 INFO  org.hibernate.Version - HHH000412: Hibernate ORM core version 6.5.2.Final
2024-09-12 20:26:00 INFO  o.h.c.i.RegionFactoryInitiator - HHH000026: Second-level cache disabled
2024-09-12 20:26:01 INFO  o.s.o.j.p.SpringPersistenceUnitInfo - No LoadTimeWeaver setup: ignoring JPA class transformer
2024-09-12 20:26:01 INFO  com.zaxxer.hikari.HikariDataSource - HikariPool-1 - Starting...
2024-09-12 20:26:01 INFO  com.zaxxer.hikari.pool.HikariPool - HikariPool-1 - Added connection com.mysql.cj.jdbc.ConnectionImpl@5b446478
2024-09-12 20:26:01 INFO  com.zaxxer.hikari.HikariDataSource - HikariPool-1 - Start completed.
2024-09-12 20:26:01 WARN  org.hibernate.orm.deprecation - HHH90000025: MySQLDialect does not need to be specified explicitly using 'hibernate.dialect' (remove the property setting and it will be selected by default)
2024-09-12 20:26:02 INFO  o.h.e.t.j.p.i.JtaPlatformInitiator - HHH000489: No JTA platform available (set 'hibernate.transaction.jta.platform' to enable JTA platform integration)
2024-09-12 20:26:02 INFO  o.s.o.j.LocalContainerEntityManagerFactoryBean - Initialized JPA EntityManagerFactory for persistence unit 'default'
2024-09-12 20:26:02 INFO  o.s.s.c.a.a.c.InitializeAuthenticationProviderBeanManagerConfigurer$InitializeAuthenticationProviderManagerConfigurer - Global AuthenticationManager configured with AuthenticationProvider bean with name authenticationProvider
2024-09-12 20:26:02 WARN  o.s.s.c.a.a.c.InitializeUserDetailsBeanManagerConfigurer$InitializeUserDetailsManagerConfigurer - Global AuthenticationManager configured with an AuthenticationProvider bean. UserDetailsService beans will not be used for username/password login. Consider removing the AuthenticationProvider bean. Alternatively, consider using the UserDetailsService in a manually instantiated DaoAuthenticationProvider.
2024-09-12 20:26:02 INFO  o.s.d.j.r.query.QueryEnhancerFactory - Hibernate is in classpath; If applicable, HQL parser will be used.
2024-09-12 20:26:02 WARN  o.s.b.a.o.j.JpaBaseConfiguration$JpaWebConfiguration - spring.jpa.open-in-view is enabled by default. Therefore, database queries may be performed during view rendering. Explicitly configure spring.jpa.open-in-view to disable this warning
2024-09-12 20:26:02 INFO  o.s.b.d.a.OptionalLiveReloadServer - LiveReload server is running on port 35729
2024-09-12 20:26:02 INFO  o.a.coyote.http11.Http11NioProtocol - Starting ProtocolHandler ["http-nio-8080"]
2024-09-12 20:26:02 INFO  o.s.b.w.e.tomcat.TomcatWebServer - Tomcat started on port 8080 (http) with context path '/'
2024-09-12 20:26:02 INFO  c.b.furniture.FurnitureApplication - Started FurnitureApplication in 3.2 seconds (process running for 3.693)
2024-09-12 21:30:42 INFO  o.s.o.j.LocalContainerEntityManagerFactoryBean - Closing JPA EntityManagerFactory for persistence unit 'default'
2024-09-12 21:30:42 INFO  com.zaxxer.hikari.HikariDataSource - HikariPool-1 - Shutdown initiated...
2024-09-12 21:30:42 INFO  com.zaxxer.hikari.HikariDataSource - HikariPool-1 - Shutdown completed.
